C:\USERS\LVLV\DESKTOP\GZIP\RELAVANT DATA\7ZIPCODESRC\WINDOWS\7ZIP\CPP\7ZIP\BUNDLES\FM\DEBUG\FM.PCH
C:\USERS\LVLV\DESKTOP\GZIP\RELAVANT DATA\7ZIPCODESRC\WINDOWS\7ZIP\CPP\7ZIP\BUNDLES\FM\DEBUG\STDAFX.OBJ
C:\USERS\LVLV\DESKTOP\GZIP\RELAVANT DATA\7ZIPCODESRC\WINDOWS\7ZIP\CPP\7ZIP\BUNDLES\FM\DEBUG\VC110.PDB
C:\USERS\LVLV\DESKTOP\GZIP\RELAVANT DATA\7ZIPCODESRC\WINDOWS\7ZIP\CPP\7ZIP\BUNDLES\FM\DEBUG\UPDATECALLBACKAGENT.OBJ
C:\USERS\LVLV\DESKTOP\GZIP\RELAVANT DATA\7ZIPCODESRC\WINDOWS\7ZIP\CPP\7ZIP\BUNDLES\FM\DEBUG\CONTEXTMENU.OBJ
C:\USERS\LVLV\DESKTOP\GZIP\RELAVANT DATA\7ZIPCODESRC\WINDOWS\7ZIP\CPP\7ZIP\BUNDLES\FM\DEBUG\MYMESSAGES.OBJ
C:\USERS\LVLV\DESKTOP\GZIP\RELAVANT DATA\7ZIPCODESRC\WINDOWS\7ZIP\CPP\7ZIP\BUNDLES\FM\DEBUG\REGISTRYCONTEXTMENU.OBJ
C:\USERS\LVLV\DESKTOP\GZIP\RELAVANT DATA\7ZIPCODESRC\WINDOWS\7ZIP\CPP\7ZIP\BUNDLES\FM\DEBUG\BENCHMARKDIALOG.OBJ
C:\USERS\LVLV\DESKTOP\GZIP\RELAVANT DATA\7ZIPCODESRC\WINDOWS\7ZIP\CPP\7ZIP\BUNDLES\FM\DEBUG\COMPRESSDIALOG.OBJ
C:\USERS\LVLV\DESKTOP\GZIP\RELAVANT DATA\7ZIPCODESRC\WINDOWS\7ZIP\CPP\7ZIP\BUNDLES\FM\DEBUG\EXTRACTDIALOG.OBJ
C:\USERS\LVLV\DESKTOP\GZIP\RELAVANT DATA\7ZIPCODESRC\WINDOWS\7ZIP\CPP\7ZIP\BUNDLES\FM\DEBUG\EXTRACTGUI.OBJ
C:\USERS\LVLV\DESKTOP\GZIP\RELAVANT DATA\7ZIPCODESRC\WINDOWS\7ZIP\CPP\7ZIP\BUNDLES\FM\DEBUG\UPDATECALLBACKGUI.OBJ
C:\USERS\LVLV\DESKTOP\GZIP\RELAVANT DATA\7ZIPCODESRC\WINDOWS\7ZIP\CPP\7ZIP\BUNDLES\FM\DEBUG\UPDATEGUI.OBJ
C:\USERS\LVLV\DESKTOP\GZIP\RELAVANT DATA\7ZIPCODESRC\WINDOWS\7ZIP\CPP\7ZIP\BUNDLES\FM\DEBUG\COPYCODER.OBJ
C:\USERS\LVLV\DESKTOP\GZIP\RELAVANT DATA\7ZIPCODESRC\WINDOWS\7ZIP\CPP\7ZIP\BUNDLES\FM\DEBUG\FILEPLUGINS.OBJ
C:\USERS\LVLV\DESKTOP\GZIP\RELAVANT DATA\7ZIPCODESRC\WINDOWS\7ZIP\CPP\7ZIP\BUNDLES\FM\DEBUG\FM.OBJ
C:\USERS\LVLV\DESKTOP\GZIP\RELAVANT DATA\7ZIPCODESRC\WINDOWS\7ZIP\CPP\7ZIP\BUNDLES\FM\DEBUG\MYLOADMENU.OBJ
C:\USERS\LVLV\DESKTOP\GZIP\RELAVANT DATA\7ZIPCODESRC\WINDOWS\7ZIP\CPP\7ZIP\BUNDLES\FM\DEBUG\OPENCALLBACK.OBJ
C:\USERS\LVLV\DESKTOP\GZIP\RELAVANT DATA\7ZIPCODESRC\WINDOWS\7ZIP\CPP\7ZIP\BUNDLES\FM\DEBUG\PROPERTYNAME.OBJ
C:\USERS\LVLV\DESKTOP\GZIP\RELAVANT DATA\7ZIPCODESRC\WINDOWS\7ZIP\CPP\7ZIP\BUNDLES\FM\DEBUG\SPLITUTILS.OBJ
C:\USERS\LVLV\DESKTOP\GZIP\RELAVANT DATA\7ZIPCODESRC\WINDOWS\7ZIP\CPP\7ZIP\BUNDLES\FM\DEBUG\STRINGUTILS.OBJ
C:\USERS\LVLV\DESKTOP\GZIP\RELAVANT DATA\7ZIPCODESRC\WINDOWS\7ZIP\CPP\7ZIP\BUNDLES\FM\DEBUG\SYSICONUTILS.OBJ
C:\USERS\LVLV\DESKTOP\GZIP\RELAVANT DATA\7ZIPCODESRC\WINDOWS\7ZIP\CPP\7ZIP\BUNDLES\FM\DEBUG\TEXTPAIRS.OBJ
C:\USERS\LVLV\DESKTOP\GZIP\RELAVANT DATA\7ZIPCODESRC\WINDOWS\7ZIP\CPP\7ZIP\BUNDLES\FM\DEBUG\FILTERCODER.OBJ
C:\USERS\LVLV\DESKTOP\GZIP\RELAVANT DATA\7ZIPCODESRC\WINDOWS\7ZIP\CPP\7ZIP\BUNDLES\FM\DEBUG\LOADCODECS.OBJ
C:\USERS\LVLV\DESKTOP\GZIP\RELAVANT DATA\7ZIPCODESRC\WINDOWS\7ZIP\CPP\7ZIP\BUNDLES\FM\DEBUG\OPENARCHIVE.OBJ
C:\USERS\LVLV\DESKTOP\GZIP\RELAVANT DATA\7ZIPCODESRC\WINDOWS\7ZIP\CPP\7ZIP\BUNDLES\FM\DEBUG\PROPIDUTILS.OBJ
C:\USERS\LVLV\DESKTOP\GZIP\RELAVANT DATA\7ZIPCODESRC\WINDOWS\7ZIP\CPP\7ZIP\BUNDLES\FM\DEBUG\SETPROPERTIES.OBJ
C:\USERS\LVLV\DESKTOP\GZIP\RELAVANT DATA\7ZIPCODESRC\WINDOWS\7ZIP\CPP\7ZIP\BUNDLES\FM\DEBUG\SORTUTILS.OBJ
C:\USERS\LVLV\DESKTOP\GZIP\RELAVANT DATA\7ZIPCODESRC\WINDOWS\7ZIP\CPP\7ZIP\BUNDLES\FM\DEBUG\TEMPFILES.OBJ
C:\USERS\LVLV\DESKTOP\GZIP\RELAVANT DATA\7ZIPCODESRC\WINDOWS\7ZIP\CPP\7ZIP\BUNDLES\FM\DEBUG\UPDATE.OBJ
C:\USERS\LVLV\DESKTOP\GZIP\RELAVANT DATA\7ZIPCODESRC\WINDOWS\7ZIP\CPP\7ZIP\BUNDLES\FM\DEBUG\UPDATEACTION.OBJ
C:\USERS\LVLV\DESKTOP\GZIP\RELAVANT DATA\7ZIPCODESRC\WINDOWS\7ZIP\CPP\7ZIP\BUNDLES\FM\DEBUG\UPDATECALLBACK.OBJ
C:\USERS\LVLV\DESKTOP\GZIP\RELAVANT DATA\7ZIPCODESRC\WINDOWS\7ZIP\CPP\7ZIP\BUNDLES\FM\DEBUG\UPDATEPAIR.OBJ
C:\USERS\LVLV\DESKTOP\GZIP\RELAVANT DATA\7ZIPCODESRC\WINDOWS\7ZIP\CPP\7ZIP\BUNDLES\FM\DEBUG\UPDATEPRODUCE.OBJ
C:\USERS\LVLV\DESKTOP\GZIP\RELAVANT DATA\7ZIPCODESRC\WINDOWS\7ZIP\CPP\7ZIP\BUNDLES\FM\DEBUG\WORKDIR.OBJ
C:\USERS\LVLV\DESKTOP\GZIP\RELAVANT DATA\7ZIPCODESRC\WINDOWS\7ZIP\CPP\7ZIP\BUNDLES\FM\DEBUG\ZIPREGISTRY.OBJ
C:\USERS\LVLV\DESKTOP\GZIP\RELAVANT DATA\7ZIPCODESRC\WINDOWS\7ZIP\CPP\7ZIP\BUNDLES\FM\DEBUG\AGENT.OBJ
C:\USERS\LVLV\DESKTOP\GZIP\RELAVANT DATA\7ZIPCODESRC\WINDOWS\7ZIP\CPP\7ZIP\BUNDLES\FM\DEBUG\AGENTOUT.OBJ
C:\USERS\LVLV\DESKTOP\GZIP\RELAVANT DATA\7ZIPCODESRC\WINDOWS\7ZIP\CPP\7ZIP\BUNDLES\FM\DEBUG\AGENTPROXY.OBJ
C:\USERS\LVLV\DESKTOP\GZIP\RELAVANT DATA\7ZIPCODESRC\WINDOWS\7ZIP\CPP\7ZIP\BUNDLES\FM\DEBUG\ARCHIVEFOLDER.OBJ
C:\USERS\LVLV\DESKTOP\GZIP\RELAVANT DATA\7ZIPCODESRC\WINDOWS\7ZIP\CPP\7ZIP\BUNDLES\FM\DEBUG\ARCHIVEFOLDEROPEN.OBJ
C:\USERS\LVLV\DESKTOP\GZIP\RELAVANT DATA\7ZIPCODESRC\WINDOWS\7ZIP\CPP\7ZIP\BUNDLES\FM\DEBUG\ARCHIVEFOLDEROUT.OBJ
C:\USERS\LVLV\DESKTOP\GZIP\RELAVANT DATA\7ZIPCODESRC\WINDOWS\7ZIP\CPP\7ZIP\BUNDLES\FM\DEBUG\MYSTRING.OBJ
C:\USERS\LVLV\DESKTOP\GZIP\RELAVANT DATA\7ZIPCODESRC\WINDOWS\7ZIP\CPP\7ZIP\BUNDLES\FM\DEBUG\MYVECTOR.OBJ
C:\USERS\LVLV\DESKTOP\GZIP\RELAVANT DATA\7ZIPCODESRC\WINDOWS\7ZIP\CPP\7ZIP\BUNDLES\FM\DEBUG\NEWHANDLER.OBJ
C:\USERS\LVLV\DESKTOP\GZIP\RELAVANT DATA\7ZIPCODESRC\WINDOWS\7ZIP\CPP\7ZIP\BUNDLES\FM\DEBUG\RANDOM.OBJ
C:\USERS\LVLV\DESKTOP\GZIP\RELAVANT DATA\7ZIPCODESRC\WINDOWS\7ZIP\CPP\7ZIP\BUNDLES\FM\DEBUG\STRINGCONVERT.OBJ
C:\USERS\LVLV\DESKTOP\GZIP\RELAVANT DATA\7ZIPCODESRC\WINDOWS\7ZIP\CPP\7ZIP\BUNDLES\FM\DEBUG\STRINGTOINT.OBJ
C:\USERS\LVLV\DESKTOP\GZIP\RELAVANT DATA\7ZIPCODESRC\WINDOWS\7ZIP\CPP\7ZIP\BUNDLES\FM\DEBUG\TEXTCONFIG.OBJ
C:\USERS\LVLV\DESKTOP\GZIP\RELAVANT DATA\7ZIPCODESRC\WINDOWS\7ZIP\CPP\7ZIP\BUNDLES\FM\DEBUG\UTFCONVERT.OBJ
C:\USERS\LVLV\DESKTOP\GZIP\RELAVANT DATA\7ZIPCODESRC\WINDOWS\7ZIP\CPP\7ZIP\BUNDLES\FM\DEBUG\WILDCARD.OBJ
C:\USERS\LVLV\DESKTOP\GZIP\RELAVANT DATA\7ZIPCODESRC\WINDOWS\7ZIP\CPP\7ZIP\BUNDLES\FM\DEBUG\ARCHIVECOMMANDLINE.OBJ
C:\USERS\LVLV\DESKTOP\GZIP\RELAVANT DATA\7ZIPCODESRC\WINDOWS\7ZIP\CPP\7ZIP\BUNDLES\FM\DEBUG\ARCHIVEEXTRACTCALLBACK.OBJ
C:\USERS\LVLV\DESKTOP\GZIP\RELAVANT DATA\7ZIPCODESRC\WINDOWS\7ZIP\CPP\7ZIP\BUNDLES\FM\DEBUG\ARCHIVENAME.OBJ
C:\USERS\LVLV\DESKTOP\GZIP\RELAVANT DATA\7ZIPCODESRC\WINDOWS\7ZIP\CPP\7ZIP\BUNDLES\FM\DEBUG\ARCHIVEOPENCALLBACK.OBJ
C:\USERS\LVLV\DESKTOP\GZIP\RELAVANT DATA\7ZIPCODESRC\WINDOWS\7ZIP\CPP\7ZIP\BUNDLES\FM\DEBUG\BENCH.OBJ
C:\USERS\LVLV\DESKTOP\GZIP\RELAVANT DATA\7ZIPCODESRC\WINDOWS\7ZIP\CPP\7ZIP\BUNDLES\FM\DEBUG\COMPRESSCALL2.OBJ
C:\USERS\LVLV\DESKTOP\GZIP\RELAVANT DATA\7ZIPCODESRC\WINDOWS\7ZIP\CPP\7ZIP\BUNDLES\FM\DEBUG\CREATECODER.OBJ
C:\USERS\LVLV\DESKTOP\GZIP\RELAVANT DATA\7ZIPCODESRC\WINDOWS\7ZIP\CPP\7ZIP\BUNDLES\FM\DEBUG\DEFAULTNAME.OBJ
C:\USERS\LVLV\DESKTOP\GZIP\RELAVANT DATA\7ZIPCODESRC\WINDOWS\7ZIP\CPP\7ZIP\BUNDLES\FM\DEBUG\ENUMDIRITEMS.OBJ
C:\USERS\LVLV\DESKTOP\GZIP\RELAVANT DATA\7ZIPCODESRC\WINDOWS\7ZIP\CPP\7ZIP\BUNDLES\FM\DEBUG\EXTRACT.OBJ
C:\USERS\LVLV\DESKTOP\GZIP\RELAVANT DATA\7ZIPCODESRC\WINDOWS\7ZIP\CPP\7ZIP\BUNDLES\FM\DEBUG\EXTRACTINGFILEPATH.OBJ
C:\USERS\LVLV\DESKTOP\GZIP\RELAVANT DATA\7ZIPCODESRC\WINDOWS\7ZIP\CPP\7ZIP\BUNDLES\FM\DEBUG\MEMORY.OBJ
C:\USERS\LVLV\DESKTOP\GZIP\RELAVANT DATA\7ZIPCODESRC\WINDOWS\7ZIP\CPP\7ZIP\BUNDLES\FM\DEBUG\MEMORYLOCK.OBJ
C:\USERS\LVLV\DESKTOP\GZIP\RELAVANT DATA\7ZIPCODESRC\WINDOWS\7ZIP\CPP\7ZIP\BUNDLES\FM\DEBUG\MENU.OBJ
C:\USERS\LVLV\DESKTOP\GZIP\RELAVANT DATA\7ZIPCODESRC\WINDOWS\7ZIP\CPP\7ZIP\BUNDLES\FM\DEBUG\NET.OBJ
C:\USERS\LVLV\DESKTOP\GZIP\RELAVANT DATA\7ZIPCODESRC\WINDOWS\7ZIP\CPP\7ZIP\BUNDLES\FM\DEBUG\PROCESS.OBJ
C:\USERS\LVLV\DESKTOP\GZIP\RELAVANT DATA\7ZIPCODESRC\WINDOWS\7ZIP\CPP\7ZIP\BUNDLES\FM\DEBUG\PROPVARIANT.OBJ
C:\USERS\LVLV\DESKTOP\GZIP\RELAVANT DATA\7ZIPCODESRC\WINDOWS\7ZIP\CPP\7ZIP\BUNDLES\FM\DEBUG\PROPVARIANTCONVERSIONS.OBJ
C:\USERS\LVLV\DESKTOP\GZIP\RELAVANT DATA\7ZIPCODESRC\WINDOWS\7ZIP\CPP\7ZIP\BUNDLES\FM\DEBUG\REGISTRY.OBJ
C:\USERS\LVLV\DESKTOP\GZIP\RELAVANT DATA\7ZIPCODESRC\WINDOWS\7ZIP\CPP\7ZIP\BUNDLES\FM\DEBUG\RESOURCESTRING.OBJ
C:\USERS\LVLV\DESKTOP\GZIP\RELAVANT DATA\7ZIPCODESRC\WINDOWS\7ZIP\CPP\7ZIP\BUNDLES\FM\DEBUG\SECURITY.OBJ
C:\USERS\LVLV\DESKTOP\GZIP\RELAVANT DATA\7ZIPCODESRC\WINDOWS\7ZIP\CPP\7ZIP\BUNDLES\FM\DEBUG\SHELL.OBJ
C:\USERS\LVLV\DESKTOP\GZIP\RELAVANT DATA\7ZIPCODESRC\WINDOWS\7ZIP\CPP\7ZIP\BUNDLES\FM\DEBUG\SYNCHRONIZATION.OBJ
C:\USERS\LVLV\DESKTOP\GZIP\RELAVANT DATA\7ZIPCODESRC\WINDOWS\7ZIP\CPP\7ZIP\BUNDLES\FM\DEBUG\SYSTEM.OBJ
C:\USERS\LVLV\DESKTOP\GZIP\RELAVANT DATA\7ZIPCODESRC\WINDOWS\7ZIP\CPP\7ZIP\BUNDLES\FM\DEBUG\TIME.OBJ
C:\USERS\LVLV\DESKTOP\GZIP\RELAVANT DATA\7ZIPCODESRC\WINDOWS\7ZIP\CPP\7ZIP\BUNDLES\FM\DEBUG\WINDOW.OBJ
C:\USERS\LVLV\DESKTOP\GZIP\RELAVANT DATA\7ZIPCODESRC\WINDOWS\7ZIP\CPP\7ZIP\BUNDLES\FM\DEBUG\COMMANDLINEPARSER.OBJ
C:\USERS\LVLV\DESKTOP\GZIP\RELAVANT DATA\7ZIPCODESRC\WINDOWS\7ZIP\CPP\7ZIP\BUNDLES\FM\DEBUG\CRC.OBJ
C:\USERS\LVLV\DESKTOP\GZIP\RELAVANT DATA\7ZIPCODESRC\WINDOWS\7ZIP\CPP\7ZIP\BUNDLES\FM\DEBUG\INTTOSTRING.OBJ
C:\USERS\LVLV\DESKTOP\GZIP\RELAVANT DATA\7ZIPCODESRC\WINDOWS\7ZIP\CPP\7ZIP\BUNDLES\FM\DEBUG\LANG.OBJ
C:\USERS\LVLV\DESKTOP\GZIP\RELAVANT DATA\7ZIPCODESRC\WINDOWS\7ZIP\CPP\7ZIP\BUNDLES\FM\DEBUG\LISTFILEUTILS.OBJ
C:\USERS\LVLV\DESKTOP\GZIP\RELAVANT DATA\7ZIPCODESRC\WINDOWS\7ZIP\CPP\7ZIP\BUNDLES\FM\DEBUG\FILEPATHAUTORENAME.OBJ
C:\USERS\LVLV\DESKTOP\GZIP\RELAVANT DATA\7ZIPCODESRC\WINDOWS\7ZIP\CPP\7ZIP\BUNDLES\FM\DEBUG\FILESTREAMS.OBJ
C:\USERS\LVLV\DESKTOP\GZIP\RELAVANT DATA\7ZIPCODESRC\WINDOWS\7ZIP\CPP\7ZIP\BUNDLES\FM\DEBUG\METHODPROPS.OBJ
C:\USERS\LVLV\DESKTOP\GZIP\RELAVANT DATA\7ZIPCODESRC\WINDOWS\7ZIP\CPP\7ZIP\BUNDLES\FM\DEBUG\PROGRESSUTILS.OBJ
C:\USERS\LVLV\DESKTOP\GZIP\RELAVANT DATA\7ZIPCODESRC\WINDOWS\7ZIP\CPP\7ZIP\BUNDLES\FM\DEBUG\STREAMOBJECTS.OBJ
C:\USERS\LVLV\DESKTOP\GZIP\RELAVANT DATA\7ZIPCODESRC\WINDOWS\7ZIP\CPP\7ZIP\BUNDLES\FM\DEBUG\STREAMUTILS.OBJ
C:\USERS\LVLV\DESKTOP\GZIP\RELAVANT DATA\7ZIPCODESRC\WINDOWS\7ZIP\CPP\7ZIP\BUNDLES\FM\DEBUG\COMBOBOX.OBJ
C:\USERS\LVLV\DESKTOP\GZIP\RELAVANT DATA\7ZIPCODESRC\WINDOWS\7ZIP\CPP\7ZIP\BUNDLES\FM\DEBUG\DIALOG.OBJ
C:\USERS\LVLV\DESKTOP\GZIP\RELAVANT DATA\7ZIPCODESRC\WINDOWS\7ZIP\CPP\7ZIP\BUNDLES\FM\DEBUG\LISTVIEW.OBJ
C:\USERS\LVLV\DESKTOP\GZIP\RELAVANT DATA\7ZIPCODESRC\WINDOWS\7ZIP\CPP\7ZIP\BUNDLES\FM\DEBUG\PROPERTYPAGE.OBJ
C:\USERS\LVLV\DESKTOP\GZIP\RELAVANT DATA\7ZIPCODESRC\WINDOWS\7ZIP\CPP\7ZIP\BUNDLES\FM\DEBUG\WINDOW2.OBJ
C:\USERS\LVLV\DESKTOP\GZIP\RELAVANT DATA\7ZIPCODESRC\WINDOWS\7ZIP\CPP\7ZIP\BUNDLES\FM\DEBUG\CLIPBOARD.OBJ
C:\USERS\LVLV\DESKTOP\GZIP\RELAVANT DATA\7ZIPCODESRC\WINDOWS\7ZIP\CPP\7ZIP\BUNDLES\FM\DEBUG\COMMONDIALOG.OBJ
C:\USERS\LVLV\DESKTOP\GZIP\RELAVANT DATA\7ZIPCODESRC\WINDOWS\7ZIP\CPP\7ZIP\BUNDLES\FM\DEBUG\DLL.OBJ
C:\USERS\LVLV\DESKTOP\GZIP\RELAVANT DATA\7ZIPCODESRC\WINDOWS\7ZIP\CPP\7ZIP\BUNDLES\FM\DEBUG\ERROR.OBJ
C:\USERS\LVLV\DESKTOP\GZIP\RELAVANT DATA\7ZIPCODESRC\WINDOWS\7ZIP\CPP\7ZIP\BUNDLES\FM\DEBUG\FILEDIR.OBJ
C:\USERS\LVLV\DESKTOP\GZIP\RELAVANT DATA\7ZIPCODESRC\WINDOWS\7ZIP\CPP\7ZIP\BUNDLES\FM\DEBUG\FILEFIND.OBJ
C:\USERS\LVLV\DESKTOP\GZIP\RELAVANT DATA\7ZIPCODESRC\WINDOWS\7ZIP\CPP\7ZIP\BUNDLES\FM\DEBUG\FILEIO.OBJ
C:\USERS\LVLV\DESKTOP\GZIP\RELAVANT DATA\7ZIPCODESRC\WINDOWS\7ZIP\CPP\7ZIP\BUNDLES\FM\DEBUG\FILENAME.OBJ
C:\USERS\LVLV\DESKTOP\GZIP\RELAVANT DATA\7ZIPCODESRC\WINDOWS\7ZIP\CPP\7ZIP\BUNDLES\FM\DEBUG\FILESYSTEM.OBJ
C:\USERS\LVLV\DESKTOP\GZIP\RELAVANT DATA\7ZIPCODESRC\WINDOWS\7ZIP\CPP\7ZIP\BUNDLES\FM\DEBUG\MENUPAGE.OBJ
C:\USERS\LVLV\DESKTOP\GZIP\RELAVANT DATA\7ZIPCODESRC\WINDOWS\7ZIP\CPP\7ZIP\BUNDLES\FM\DEBUG\OPTIONSDIALOG.OBJ
C:\USERS\LVLV\DESKTOP\GZIP\RELAVANT DATA\7ZIPCODESRC\WINDOWS\7ZIP\CPP\7ZIP\BUNDLES\FM\DEBUG\SETTINGSPAGE.OBJ
C:\USERS\LVLV\DESKTOP\GZIP\RELAVANT DATA\7ZIPCODESRC\WINDOWS\7ZIP\CPP\7ZIP\BUNDLES\FM\DEBUG\SYSTEMPAGE.OBJ
C:\USERS\LVLV\DESKTOP\GZIP\RELAVANT DATA\7ZIPCODESRC\WINDOWS\7ZIP\CPP\7ZIP\BUNDLES\FM\DEBUG\ABOUTDIALOG.OBJ
C:\USERS\LVLV\DESKTOP\GZIP\RELAVANT DATA\7ZIPCODESRC\WINDOWS\7ZIP\CPP\7ZIP\BUNDLES\FM\DEBUG\BROWSEDIALOG.OBJ
C:\USERS\LVLV\DESKTOP\GZIP\RELAVANT DATA\7ZIPCODESRC\WINDOWS\7ZIP\CPP\7ZIP\BUNDLES\FM\DEBUG\COMBODIALOG.OBJ
C:\USERS\LVLV\DESKTOP\GZIP\RELAVANT DATA\7ZIPCODESRC\WINDOWS\7ZIP\CPP\7ZIP\BUNDLES\FM\DEBUG\COPYDIALOG.OBJ
C:\USERS\LVLV\DESKTOP\GZIP\RELAVANT DATA\7ZIPCODESRC\WINDOWS\7ZIP\CPP\7ZIP\BUNDLES\FM\DEBUG\LISTVIEWDIALOG.OBJ
C:\USERS\LVLV\DESKTOP\GZIP\RELAVANT DATA\7ZIPCODESRC\WINDOWS\7ZIP\CPP\7ZIP\BUNDLES\FM\DEBUG\MESSAGESDIALOG.OBJ
C:\USERS\LVLV\DESKTOP\GZIP\RELAVANT DATA\7ZIPCODESRC\WINDOWS\7ZIP\CPP\7ZIP\BUNDLES\FM\DEBUG\OVERWRITEDIALOG.OBJ
C:\USERS\LVLV\DESKTOP\GZIP\RELAVANT DATA\7ZIPCODESRC\WINDOWS\7ZIP\CPP\7ZIP\BUNDLES\FM\DEBUG\PASSWORDDIALOG.OBJ
C:\USERS\LVLV\DESKTOP\GZIP\RELAVANT DATA\7ZIPCODESRC\WINDOWS\7ZIP\CPP\7ZIP\BUNDLES\FM\DEBUG\PROGRESSDIALOG2.OBJ
C:\USERS\LVLV\DESKTOP\GZIP\RELAVANT DATA\7ZIPCODESRC\WINDOWS\7ZIP\CPP\7ZIP\BUNDLES\FM\DEBUG\SPLITDIALOG.OBJ
C:\USERS\LVLV\DESKTOP\GZIP\RELAVANT DATA\7ZIPCODESRC\WINDOWS\7ZIP\CPP\7ZIP\BUNDLES\FM\DEBUG\EXTRACTCALLBACK.OBJ
C:\USERS\LVLV\DESKTOP\GZIP\RELAVANT DATA\7ZIPCODESRC\WINDOWS\7ZIP\CPP\7ZIP\BUNDLES\FM\DEBUG\FORMATUTILS.OBJ
C:\USERS\LVLV\DESKTOP\GZIP\RELAVANT DATA\7ZIPCODESRC\WINDOWS\7ZIP\CPP\7ZIP\BUNDLES\FM\DEBUG\HELPUTILS.OBJ
C:\USERS\LVLV\DESKTOP\GZIP\RELAVANT DATA\7ZIPCODESRC\WINDOWS\7ZIP\CPP\7ZIP\BUNDLES\FM\DEBUG\LANGUTILS.OBJ
C:\USERS\LVLV\DESKTOP\GZIP\RELAVANT DATA\7ZIPCODESRC\WINDOWS\7ZIP\CPP\7ZIP\BUNDLES\FM\DEBUG\PROGRAMLOCATION.OBJ
C:\USERS\LVLV\DESKTOP\GZIP\RELAVANT DATA\7ZIPCODESRC\WINDOWS\7ZIP\CPP\7ZIP\BUNDLES\FM\DEBUG\UPDATECALLBACK100.OBJ
C:\USERS\LVLV\DESKTOP\GZIP\RELAVANT DATA\7ZIPCODESRC\WINDOWS\7ZIP\CPP\7ZIP\BUNDLES\FM\DEBUG\APP.OBJ
C:\USERS\LVLV\DESKTOP\GZIP\RELAVANT DATA\7ZIPCODESRC\WINDOWS\7ZIP\CPP\7ZIP\BUNDLES\FM\DEBUG\ENUMFORMATETC.OBJ
C:\USERS\LVLV\DESKTOP\GZIP\RELAVANT DATA\7ZIPCODESRC\WINDOWS\7ZIP\CPP\7ZIP\BUNDLES\FM\DEBUG\FILEFOLDERPLUGINOPEN.OBJ
C:\USERS\LVLV\DESKTOP\GZIP\RELAVANT DATA\7ZIPCODESRC\WINDOWS\7ZIP\CPP\7ZIP\BUNDLES\FM\DEBUG\PANEL.OBJ
C:\USERS\LVLV\DESKTOP\GZIP\RELAVANT DATA\7ZIPCODESRC\WINDOWS\7ZIP\CPP\7ZIP\BUNDLES\FM\DEBUG\PANELCOPY.OBJ
C:\USERS\LVLV\DESKTOP\GZIP\RELAVANT DATA\7ZIPCODESRC\WINDOWS\7ZIP\CPP\7ZIP\BUNDLES\FM\DEBUG\PANELCRC.OBJ
C:\USERS\LVLV\DESKTOP\GZIP\RELAVANT DATA\7ZIPCODESRC\WINDOWS\7ZIP\CPP\7ZIP\BUNDLES\FM\DEBUG\PANELDRAG.OBJ
C:\USERS\LVLV\DESKTOP\GZIP\RELAVANT DATA\7ZIPCODESRC\WINDOWS\7ZIP\CPP\7ZIP\BUNDLES\FM\DEBUG\PANELFOLDERCHANGE.OBJ
C:\USERS\LVLV\DESKTOP\GZIP\RELAVANT DATA\7ZIPCODESRC\WINDOWS\7ZIP\CPP\7ZIP\BUNDLES\FM\DEBUG\PANELITEMOPEN.OBJ
C:\USERS\LVLV\DESKTOP\GZIP\RELAVANT DATA\7ZIPCODESRC\WINDOWS\7ZIP\CPP\7ZIP\BUNDLES\FM\DEBUG\PANELITEMS.OBJ
C:\USERS\LVLV\DESKTOP\GZIP\RELAVANT DATA\7ZIPCODESRC\WINDOWS\7ZIP\CPP\7ZIP\BUNDLES\FM\DEBUG\PANELKEY.OBJ
C:\USERS\LVLV\DESKTOP\GZIP\RELAVANT DATA\7ZIPCODESRC\WINDOWS\7ZIP\CPP\7ZIP\BUNDLES\FM\DEBUG\PANELLISTNOTIFY.OBJ
C:\USERS\LVLV\DESKTOP\GZIP\RELAVANT DATA\7ZIPCODESRC\WINDOWS\7ZIP\CPP\7ZIP\BUNDLES\FM\DEBUG\PANELMENU.OBJ
C:\USERS\LVLV\DESKTOP\GZIP\RELAVANT DATA\7ZIPCODESRC\WINDOWS\7ZIP\CPP\7ZIP\BUNDLES\FM\DEBUG\PANELOPERATIONS.OBJ
C:\USERS\LVLV\DESKTOP\GZIP\RELAVANT DATA\7ZIPCODESRC\WINDOWS\7ZIP\CPP\7ZIP\BUNDLES\FM\DEBUG\PANELSELECT.OBJ
C:\USERS\LVLV\DESKTOP\GZIP\RELAVANT DATA\7ZIPCODESRC\WINDOWS\7ZIP\CPP\7ZIP\BUNDLES\FM\DEBUG\PANELSORT.OBJ
C:\USERS\LVLV\DESKTOP\GZIP\RELAVANT DATA\7ZIPCODESRC\WINDOWS\7ZIP\CPP\7ZIP\BUNDLES\FM\DEBUG\PANELSPLITFILE.OBJ
C:\USERS\LVLV\DESKTOP\GZIP\RELAVANT DATA\7ZIPCODESRC\WINDOWS\7ZIP\CPP\7ZIP\BUNDLES\FM\DEBUG\EDITPAGE.OBJ
C:\USERS\LVLV\DESKTOP\GZIP\RELAVANT DATA\7ZIPCODESRC\WINDOWS\7ZIP\CPP\7ZIP\BUNDLES\FM\DEBUG\FOLDERSPAGE.OBJ
C:\USERS\LVLV\DESKTOP\GZIP\RELAVANT DATA\7ZIPCODESRC\WINDOWS\7ZIP\CPP\7ZIP\BUNDLES\FM\DEBUG\LANGPAGE.OBJ
C:\USERS\LVLV\DESKTOP\GZIP\RELAVANT DATA\7ZIPCODESRC\WINDOWS\7ZIP\CPP\7ZIP\BUNDLES\FM\DEBUG\CLASSDEFS.OBJ
C:\USERS\LVLV\DESKTOP\GZIP\RELAVANT DATA\7ZIPCODESRC\WINDOWS\7ZIP\CPP\7ZIP\BUNDLES\FM\DEBUG\OUTSTREAMWITHCRC.OBJ
C:\USERS\LVLV\DESKTOP\GZIP\RELAVANT DATA\7ZIPCODESRC\WINDOWS\7ZIP\CPP\7ZIP\BUNDLES\FM\DEBUG\FSDRIVES.OBJ
C:\USERS\LVLV\DESKTOP\GZIP\RELAVANT DATA\7ZIPCODESRC\WINDOWS\7ZIP\CPP\7ZIP\BUNDLES\FM\DEBUG\FSFOLDER.OBJ
C:\USERS\LVLV\DESKTOP\GZIP\RELAVANT DATA\7ZIPCODESRC\WINDOWS\7ZIP\CPP\7ZIP\BUNDLES\FM\DEBUG\FSFOLDERCOPY.OBJ
C:\USERS\LVLV\DESKTOP\GZIP\RELAVANT DATA\7ZIPCODESRC\WINDOWS\7ZIP\CPP\7ZIP\BUNDLES\FM\DEBUG\NETFOLDER.OBJ
C:\USERS\LVLV\DESKTOP\GZIP\RELAVANT DATA\7ZIPCODESRC\WINDOWS\7ZIP\CPP\7ZIP\BUNDLES\FM\DEBUG\ROOTFOLDER.OBJ
C:\USERS\LVLV\DESKTOP\GZIP\RELAVANT DATA\7ZIPCODESRC\WINDOWS\7ZIP\CPP\7ZIP\BUNDLES\FM\DEBUG\REGISTRYASSOCIATIONS.OBJ
C:\USERS\LVLV\DESKTOP\GZIP\RELAVANT DATA\7ZIPCODESRC\WINDOWS\7ZIP\CPP\7ZIP\BUNDLES\FM\DEBUG\REGISTRYPLUGINS.OBJ
C:\USERS\LVLV\DESKTOP\GZIP\RELAVANT DATA\7ZIPCODESRC\WINDOWS\7ZIP\CPP\7ZIP\BUNDLES\FM\DEBUG\REGISTRYUTILS.OBJ
C:\USERS\LVLV\DESKTOP\GZIP\RELAVANT DATA\7ZIPCODESRC\WINDOWS\7ZIP\CPP\7ZIP\BUNDLES\FM\DEBUG\VIEWSETTINGS.OBJ
C:\USERS\LVLV\DESKTOP\GZIP\RELAVANT DATA\7ZIPCODESRC\WINDOWS\7ZIP\CPP\7ZIP\BUNDLES\FM\DEBUG\7ZCRC.OBJ
C:\USERS\LVLV\DESKTOP\GZIP\RELAVANT DATA\7ZIPCODESRC\WINDOWS\7ZIP\CPP\7ZIP\BUNDLES\FM\DEBUG\7ZCRCOPT.OBJ
C:\USERS\LVLV\DESKTOP\GZIP\RELAVANT DATA\7ZIPCODESRC\WINDOWS\7ZIP\CPP\7ZIP\BUNDLES\FM\DEBUG\ALLOC.OBJ
C:\USERS\LVLV\DESKTOP\GZIP\RELAVANT DATA\7ZIPCODESRC\WINDOWS\7ZIP\CPP\7ZIP\BUNDLES\FM\DEBUG\CPUARCH.OBJ
C:\USERS\LVLV\DESKTOP\GZIP\RELAVANT DATA\7ZIPCODESRC\WINDOWS\7ZIP\CPP\7ZIP\BUNDLES\FM\DEBUG\SHA256.OBJ
C:\USERS\LVLV\DESKTOP\GZIP\RELAVANT DATA\7ZIPCODESRC\WINDOWS\7ZIP\CPP\7ZIP\BUNDLES\FM\DEBUG\SORT.OBJ
C:\USERS\LVLV\DESKTOP\GZIP\RELAVANT DATA\7ZIPCODESRC\WINDOWS\7ZIP\CPP\7ZIP\BUNDLES\FM\DEBUG\THREADS.OBJ
C:\USERS\LVLV\DESKTOP\GZIP\RELAVANT DATA\7ZIPCODESRC\WINDOWS\7ZIP\CPP\7ZIP\BUNDLES\FM\DEBUG\RESOURCE.RES
C:\Users\lvlv\Desktop\gzip\Relavant Data\7ZipCodeSrc\windows\7Zip\CPP\7zip\Bundles\Fm\Debug\7zCrc.obj
C:\Users\lvlv\Desktop\gzip\Relavant Data\7ZipCodeSrc\windows\7Zip\CPP\7zip\Bundles\Fm\Debug\7zCrcOpt.obj
C:\Users\lvlv\Desktop\gzip\Relavant Data\7ZipCodeSrc\windows\7Zip\CPP\7zip\Bundles\Fm\Debug\AboutDialog.obj
C:\Users\lvlv\Desktop\gzip\Relavant Data\7ZipCodeSrc\windows\7Zip\CPP\7zip\Bundles\Fm\Debug\Agent.obj
C:\Users\lvlv\Desktop\gzip\Relavant Data\7ZipCodeSrc\windows\7Zip\CPP\7zip\Bundles\Fm\Debug\AgentOut.obj
C:\Users\lvlv\Desktop\gzip\Relavant Data\7ZipCodeSrc\windows\7Zip\CPP\7zip\Bundles\Fm\Debug\AgentProxy.obj
C:\Users\lvlv\Desktop\gzip\Relavant Data\7ZipCodeSrc\windows\7Zip\CPP\7zip\Bundles\Fm\Debug\Alloc.obj
C:\Users\lvlv\Desktop\gzip\Relavant Data\7ZipCodeSrc\windows\7Zip\CPP\7zip\Bundles\Fm\Debug\App.obj
C:\Users\lvlv\Desktop\gzip\Relavant Data\7ZipCodeSrc\windows\7Zip\CPP\7zip\Bundles\Fm\Debug\ArchiveCommandLine.obj
C:\Users\lvlv\Desktop\gzip\Relavant Data\7ZipCodeSrc\windows\7Zip\CPP\7zip\Bundles\Fm\Debug\ArchiveExtractCallback.obj
C:\Users\lvlv\Desktop\gzip\Relavant Data\7ZipCodeSrc\windows\7Zip\CPP\7zip\Bundles\Fm\Debug\ArchiveFolder.obj
C:\Users\lvlv\Desktop\gzip\Relavant Data\7ZipCodeSrc\windows\7Zip\CPP\7zip\Bundles\Fm\Debug\ArchiveFolderOpen.obj
C:\Users\lvlv\Desktop\gzip\Relavant Data\7ZipCodeSrc\windows\7Zip\CPP\7zip\Bundles\Fm\Debug\ArchiveFolderOut.obj
C:\Users\lvlv\Desktop\gzip\Relavant Data\7ZipCodeSrc\windows\7Zip\CPP\7zip\Bundles\Fm\Debug\ArchiveName.obj
C:\Users\lvlv\Desktop\gzip\Relavant Data\7ZipCodeSrc\windows\7Zip\CPP\7zip\Bundles\Fm\Debug\ArchiveOpenCallback.obj
C:\Users\lvlv\Desktop\gzip\Relavant Data\7ZipCodeSrc\windows\7Zip\CPP\7zip\Bundles\Fm\Debug\Bench.obj
C:\Users\lvlv\Desktop\gzip\Relavant Data\7ZipCodeSrc\windows\7Zip\CPP\7zip\Bundles\Fm\Debug\BenchmarkDialog.obj
C:\Users\lvlv\Desktop\gzip\Relavant Data\7ZipCodeSrc\windows\7Zip\CPP\7zip\Bundles\Fm\Debug\BrowseDialog.obj
C:\Users\lvlv\Desktop\gzip\Relavant Data\7ZipCodeSrc\windows\7Zip\CPP\7zip\Bundles\Fm\Debug\ClassDefs.obj
C:\Users\lvlv\Desktop\gzip\Relavant Data\7ZipCodeSrc\windows\7Zip\CPP\7zip\Bundles\Fm\Debug\Clipboard.obj
C:\Users\lvlv\Desktop\gzip\Relavant Data\7ZipCodeSrc\windows\7Zip\CPP\7zip\Bundles\Fm\Debug\ComboBox.obj
C:\Users\lvlv\Desktop\gzip\Relavant Data\7ZipCodeSrc\windows\7Zip\CPP\7zip\Bundles\Fm\Debug\ComboDialog.obj
C:\Users\lvlv\Desktop\gzip\Relavant Data\7ZipCodeSrc\windows\7Zip\CPP\7zip\Bundles\Fm\Debug\CommandLineParser.obj
C:\Users\lvlv\Desktop\gzip\Relavant Data\7ZipCodeSrc\windows\7Zip\CPP\7zip\Bundles\Fm\Debug\CommonDialog.obj
C:\Users\lvlv\Desktop\gzip\Relavant Data\7ZipCodeSrc\windows\7Zip\CPP\7zip\Bundles\Fm\Debug\CompressCall2.obj
C:\Users\lvlv\Desktop\gzip\Relavant Data\7ZipCodeSrc\windows\7Zip\CPP\7zip\Bundles\Fm\Debug\CompressDialog.obj
C:\Users\lvlv\Desktop\gzip\Relavant Data\7ZipCodeSrc\windows\7Zip\CPP\7zip\Bundles\Fm\Debug\ContextMenu.obj
C:\Users\lvlv\Desktop\gzip\Relavant Data\7ZipCodeSrc\windows\7Zip\CPP\7zip\Bundles\Fm\Debug\CopyCoder.obj
C:\Users\lvlv\Desktop\gzip\Relavant Data\7ZipCodeSrc\windows\7Zip\CPP\7zip\Bundles\Fm\Debug\CopyDialog.obj
C:\Users\lvlv\Desktop\gzip\Relavant Data\7ZipCodeSrc\windows\7Zip\CPP\7zip\Bundles\Fm\Debug\CpuArch.obj
C:\Users\lvlv\Desktop\gzip\Relavant Data\7ZipCodeSrc\windows\7Zip\CPP\7zip\Bundles\Fm\Debug\CRC.obj
C:\Users\lvlv\Desktop\gzip\Relavant Data\7ZipCodeSrc\windows\7Zip\CPP\7zip\Bundles\Fm\Debug\CreateCoder.obj
C:\Users\lvlv\Desktop\gzip\Relavant Data\7ZipCodeSrc\windows\7Zip\CPP\7zip\Bundles\Fm\Debug\DefaultName.obj
C:\Users\lvlv\Desktop\gzip\Relavant Data\7ZipCodeSrc\windows\7Zip\CPP\7zip\Bundles\Fm\Debug\Dialog.obj
C:\Users\lvlv\Desktop\gzip\Relavant Data\7ZipCodeSrc\windows\7Zip\CPP\7zip\Bundles\Fm\Debug\DLL.obj
C:\Users\lvlv\Desktop\gzip\Relavant Data\7ZipCodeSrc\windows\7Zip\CPP\7zip\Bundles\Fm\Debug\EditPage.obj
C:\Users\lvlv\Desktop\gzip\Relavant Data\7ZipCodeSrc\windows\7Zip\CPP\7zip\Bundles\Fm\Debug\EnumDirItems.obj
C:\Users\lvlv\Desktop\gzip\Relavant Data\7ZipCodeSrc\windows\7Zip\CPP\7zip\Bundles\Fm\Debug\EnumFormatEtc.obj
C:\Users\lvlv\Desktop\gzip\Relavant Data\7ZipCodeSrc\windows\7Zip\CPP\7zip\Bundles\Fm\Debug\Error.obj
C:\Users\lvlv\Desktop\gzip\Relavant Data\7ZipCodeSrc\windows\7Zip\CPP\7zip\Bundles\Fm\Debug\Extract.obj
C:\Users\lvlv\Desktop\gzip\Relavant Data\7ZipCodeSrc\windows\7Zip\CPP\7zip\Bundles\Fm\Debug\ExtractCallback.obj
C:\Users\lvlv\Desktop\gzip\Relavant Data\7ZipCodeSrc\windows\7Zip\CPP\7zip\Bundles\Fm\Debug\ExtractDialog.obj
C:\Users\lvlv\Desktop\gzip\Relavant Data\7ZipCodeSrc\windows\7Zip\CPP\7zip\Bundles\Fm\Debug\ExtractGUI.obj
C:\Users\lvlv\Desktop\gzip\Relavant Data\7ZipCodeSrc\windows\7Zip\CPP\7zip\Bundles\Fm\Debug\ExtractingFilePath.obj
C:\Users\lvlv\Desktop\gzip\Relavant Data\7ZipCodeSrc\windows\7Zip\CPP\7zip\Bundles\Fm\Debug\FileDir.obj
C:\Users\lvlv\Desktop\gzip\Relavant Data\7ZipCodeSrc\windows\7Zip\CPP\7zip\Bundles\Fm\Debug\FileFind.obj
C:\Users\lvlv\Desktop\gzip\Relavant Data\7ZipCodeSrc\windows\7Zip\CPP\7zip\Bundles\Fm\Debug\FileFolderPluginOpen.obj
C:\Users\lvlv\Desktop\gzip\Relavant Data\7ZipCodeSrc\windows\7Zip\CPP\7zip\Bundles\Fm\Debug\FileIO.obj
C:\Users\lvlv\Desktop\gzip\Relavant Data\7ZipCodeSrc\windows\7Zip\CPP\7zip\Bundles\Fm\Debug\FileName.obj
C:\Users\lvlv\Desktop\gzip\Relavant Data\7ZipCodeSrc\windows\7Zip\CPP\7zip\Bundles\Fm\Debug\FilePathAutoRename.obj
C:\Users\lvlv\Desktop\gzip\Relavant Data\7ZipCodeSrc\windows\7Zip\CPP\7zip\Bundles\Fm\Debug\FilePlugins.obj
C:\Users\lvlv\Desktop\gzip\Relavant Data\7ZipCodeSrc\windows\7Zip\CPP\7zip\Bundles\Fm\Debug\FileStreams.obj
C:\Users\lvlv\Desktop\gzip\Relavant Data\7ZipCodeSrc\windows\7Zip\CPP\7zip\Bundles\Fm\Debug\FileSystem.obj
C:\Users\lvlv\Desktop\gzip\Relavant Data\7ZipCodeSrc\windows\7Zip\CPP\7zip\Bundles\Fm\Debug\FilterCoder.obj
C:\Users\lvlv\Desktop\gzip\Relavant Data\7ZipCodeSrc\windows\7Zip\CPP\7zip\Bundles\Fm\Debug\FM.obj
C:\Users\lvlv\Desktop\gzip\Relavant Data\7ZipCodeSrc\windows\7Zip\CPP\7zip\Bundles\Fm\Debug\FoldersPage.obj
C:\Users\lvlv\Desktop\gzip\Relavant Data\7ZipCodeSrc\windows\7Zip\CPP\7zip\Bundles\Fm\Debug\FormatUtils.obj
C:\Users\lvlv\Desktop\gzip\Relavant Data\7ZipCodeSrc\windows\7Zip\CPP\7zip\Bundles\Fm\Debug\FSDrives.obj
C:\Users\lvlv\Desktop\gzip\Relavant Data\7ZipCodeSrc\windows\7Zip\CPP\7zip\Bundles\Fm\Debug\FSFolder.obj
C:\Users\lvlv\Desktop\gzip\Relavant Data\7ZipCodeSrc\windows\7Zip\CPP\7zip\Bundles\Fm\Debug\FSFolderCopy.obj
C:\Users\lvlv\Desktop\gzip\Relavant Data\7ZipCodeSrc\windows\7Zip\CPP\7zip\Bundles\Fm\Debug\HelpUtils.obj
C:\Users\lvlv\Desktop\gzip\Relavant Data\7ZipCodeSrc\windows\7Zip\CPP\7zip\Bundles\Fm\Debug\IntToString.obj
C:\Users\lvlv\Desktop\gzip\Relavant Data\7ZipCodeSrc\windows\7Zip\CPP\7zip\Bundles\Fm\Debug\Lang.obj
C:\Users\lvlv\Desktop\gzip\Relavant Data\7ZipCodeSrc\windows\7Zip\CPP\7zip\Bundles\Fm\Debug\LangPage.obj
C:\Users\lvlv\Desktop\gzip\Relavant Data\7ZipCodeSrc\windows\7Zip\CPP\7zip\Bundles\Fm\Debug\LangUtils.obj
C:\Users\lvlv\Desktop\gzip\Relavant Data\7ZipCodeSrc\windows\7Zip\CPP\7zip\Bundles\Fm\Debug\ListFileUtils.obj
C:\Users\lvlv\Desktop\gzip\Relavant Data\7ZipCodeSrc\windows\7Zip\CPP\7zip\Bundles\Fm\Debug\ListView.obj
C:\Users\lvlv\Desktop\gzip\Relavant Data\7ZipCodeSrc\windows\7Zip\CPP\7zip\Bundles\Fm\Debug\ListViewDialog.obj
C:\Users\lvlv\Desktop\gzip\Relavant Data\7ZipCodeSrc\windows\7Zip\CPP\7zip\Bundles\Fm\Debug\LoadCodecs.obj
C:\Users\lvlv\Desktop\gzip\Relavant Data\7ZipCodeSrc\windows\7Zip\CPP\7zip\Bundles\Fm\Debug\Memory.obj
C:\Users\lvlv\Desktop\gzip\Relavant Data\7ZipCodeSrc\windows\7Zip\CPP\7zip\Bundles\Fm\Debug\MemoryLock.obj
C:\Users\lvlv\Desktop\gzip\Relavant Data\7ZipCodeSrc\windows\7Zip\CPP\7zip\Bundles\Fm\Debug\Menu.obj
C:\Users\lvlv\Desktop\gzip\Relavant Data\7ZipCodeSrc\windows\7Zip\CPP\7zip\Bundles\Fm\Debug\MenuPage.obj
C:\Users\lvlv\Desktop\gzip\Relavant Data\7ZipCodeSrc\windows\7Zip\CPP\7zip\Bundles\Fm\Debug\MessagesDialog.obj
C:\Users\lvlv\Desktop\gzip\Relavant Data\7ZipCodeSrc\windows\7Zip\CPP\7zip\Bundles\Fm\Debug\MethodProps.obj
C:\Users\lvlv\Desktop\gzip\Relavant Data\7ZipCodeSrc\windows\7Zip\CPP\7zip\Bundles\Fm\Debug\MyLoadMenu.obj
C:\Users\lvlv\Desktop\gzip\Relavant Data\7ZipCodeSrc\windows\7Zip\CPP\7zip\Bundles\Fm\Debug\MyMessages.obj
C:\Users\lvlv\Desktop\gzip\Relavant Data\7ZipCodeSrc\windows\7Zip\CPP\7zip\Bundles\Fm\Debug\MyString.obj
C:\Users\lvlv\Desktop\gzip\Relavant Data\7ZipCodeSrc\windows\7Zip\CPP\7zip\Bundles\Fm\Debug\MyVector.obj
C:\Users\lvlv\Desktop\gzip\Relavant Data\7ZipCodeSrc\windows\7Zip\CPP\7zip\Bundles\Fm\Debug\Net.obj
C:\Users\lvlv\Desktop\gzip\Relavant Data\7ZipCodeSrc\windows\7Zip\CPP\7zip\Bundles\Fm\Debug\NetFolder.obj
C:\Users\lvlv\Desktop\gzip\Relavant Data\7ZipCodeSrc\windows\7Zip\CPP\7zip\Bundles\Fm\Debug\NewHandler.obj
C:\Users\lvlv\Desktop\gzip\Relavant Data\7ZipCodeSrc\windows\7Zip\CPP\7zip\Bundles\Fm\Debug\OpenArchive.obj
C:\Users\lvlv\Desktop\gzip\Relavant Data\7ZipCodeSrc\windows\7Zip\CPP\7zip\Bundles\Fm\Debug\OpenCallback.obj
C:\Users\lvlv\Desktop\gzip\Relavant Data\7ZipCodeSrc\windows\7Zip\CPP\7zip\Bundles\Fm\Debug\OptionsDialog.obj
C:\Users\lvlv\Desktop\gzip\Relavant Data\7ZipCodeSrc\windows\7Zip\CPP\7zip\Bundles\Fm\Debug\OutStreamWithCRC.obj
C:\Users\lvlv\Desktop\gzip\Relavant Data\7ZipCodeSrc\windows\7Zip\CPP\7zip\Bundles\Fm\Debug\OverwriteDialog.obj
C:\Users\lvlv\Desktop\gzip\Relavant Data\7ZipCodeSrc\windows\7Zip\CPP\7zip\Bundles\Fm\Debug\Panel.obj
C:\Users\lvlv\Desktop\gzip\Relavant Data\7ZipCodeSrc\windows\7Zip\CPP\7zip\Bundles\Fm\Debug\PanelCopy.obj
C:\Users\lvlv\Desktop\gzip\Relavant Data\7ZipCodeSrc\windows\7Zip\CPP\7zip\Bundles\Fm\Debug\PanelCrc.obj
C:\Users\lvlv\Desktop\gzip\Relavant Data\7ZipCodeSrc\windows\7Zip\CPP\7zip\Bundles\Fm\Debug\PanelDrag.obj
C:\Users\lvlv\Desktop\gzip\Relavant Data\7ZipCodeSrc\windows\7Zip\CPP\7zip\Bundles\Fm\Debug\PanelFolderChange.obj
C:\Users\lvlv\Desktop\gzip\Relavant Data\7ZipCodeSrc\windows\7Zip\CPP\7zip\Bundles\Fm\Debug\PanelItemOpen.obj
C:\Users\lvlv\Desktop\gzip\Relavant Data\7ZipCodeSrc\windows\7Zip\CPP\7zip\Bundles\Fm\Debug\PanelItems.obj
C:\Users\lvlv\Desktop\gzip\Relavant Data\7ZipCodeSrc\windows\7Zip\CPP\7zip\Bundles\Fm\Debug\PanelKey.obj
C:\Users\lvlv\Desktop\gzip\Relavant Data\7ZipCodeSrc\windows\7Zip\CPP\7zip\Bundles\Fm\Debug\PanelListNotify.obj
C:\Users\lvlv\Desktop\gzip\Relavant Data\7ZipCodeSrc\windows\7Zip\CPP\7zip\Bundles\Fm\Debug\PanelMenu.obj
C:\Users\lvlv\Desktop\gzip\Relavant Data\7ZipCodeSrc\windows\7Zip\CPP\7zip\Bundles\Fm\Debug\PanelOperations.obj
C:\Users\lvlv\Desktop\gzip\Relavant Data\7ZipCodeSrc\windows\7Zip\CPP\7zip\Bundles\Fm\Debug\PanelSelect.obj
C:\Users\lvlv\Desktop\gzip\Relavant Data\7ZipCodeSrc\windows\7Zip\CPP\7zip\Bundles\Fm\Debug\PanelSort.obj
C:\Users\lvlv\Desktop\gzip\Relavant Data\7ZipCodeSrc\windows\7Zip\CPP\7zip\Bundles\Fm\Debug\PanelSplitFile.obj
C:\Users\lvlv\Desktop\gzip\Relavant Data\7ZipCodeSrc\windows\7Zip\CPP\7zip\Bundles\Fm\Debug\PasswordDialog.obj
C:\Users\lvlv\Desktop\gzip\Relavant Data\7ZipCodeSrc\windows\7Zip\CPP\7zip\Bundles\Fm\Debug\Process.obj
C:\Users\lvlv\Desktop\gzip\Relavant Data\7ZipCodeSrc\windows\7Zip\CPP\7zip\Bundles\Fm\Debug\ProgramLocation.obj
C:\Users\lvlv\Desktop\gzip\Relavant Data\7ZipCodeSrc\windows\7Zip\CPP\7zip\Bundles\Fm\Debug\ProgressDialog2.obj
C:\Users\lvlv\Desktop\gzip\Relavant Data\7ZipCodeSrc\windows\7Zip\CPP\7zip\Bundles\Fm\Debug\ProgressUtils.obj
C:\Users\lvlv\Desktop\gzip\Relavant Data\7ZipCodeSrc\windows\7Zip\CPP\7zip\Bundles\Fm\Debug\PropertyName.obj
C:\Users\lvlv\Desktop\gzip\Relavant Data\7ZipCodeSrc\windows\7Zip\CPP\7zip\Bundles\Fm\Debug\PropertyPage.obj
C:\Users\lvlv\Desktop\gzip\Relavant Data\7ZipCodeSrc\windows\7Zip\CPP\7zip\Bundles\Fm\Debug\PropIDUtils.obj
C:\Users\lvlv\Desktop\gzip\Relavant Data\7ZipCodeSrc\windows\7Zip\CPP\7zip\Bundles\Fm\Debug\PropVariant.obj
C:\Users\lvlv\Desktop\gzip\Relavant Data\7ZipCodeSrc\windows\7Zip\CPP\7zip\Bundles\Fm\Debug\PropVariantConversions.obj
C:\Users\lvlv\Desktop\gzip\Relavant Data\7ZipCodeSrc\windows\7Zip\CPP\7zip\Bundles\Fm\Debug\Random.obj
C:\Users\lvlv\Desktop\gzip\Relavant Data\7ZipCodeSrc\windows\7Zip\CPP\7zip\Bundles\Fm\Debug\Registry.obj
C:\Users\lvlv\Desktop\gzip\Relavant Data\7ZipCodeSrc\windows\7Zip\CPP\7zip\Bundles\Fm\Debug\RegistryAssociations.obj
C:\Users\lvlv\Desktop\gzip\Relavant Data\7ZipCodeSrc\windows\7Zip\CPP\7zip\Bundles\Fm\Debug\RegistryContextMenu.obj
C:\Users\lvlv\Desktop\gzip\Relavant Data\7ZipCodeSrc\windows\7Zip\CPP\7zip\Bundles\Fm\Debug\RegistryPlugins.obj
C:\Users\lvlv\Desktop\gzip\Relavant Data\7ZipCodeSrc\windows\7Zip\CPP\7zip\Bundles\Fm\Debug\RegistryUtils.obj
C:\Users\lvlv\Desktop\gzip\Relavant Data\7ZipCodeSrc\windows\7Zip\CPP\7zip\Bundles\Fm\Debug\ResourceString.obj
C:\Users\lvlv\Desktop\gzip\Relavant Data\7ZipCodeSrc\windows\7Zip\CPP\7zip\Bundles\Fm\Debug\RootFolder.obj
C:\Users\lvlv\Desktop\gzip\Relavant Data\7ZipCodeSrc\windows\7Zip\CPP\7zip\Bundles\Fm\Debug\Security.obj
C:\Users\lvlv\Desktop\gzip\Relavant Data\7ZipCodeSrc\windows\7Zip\CPP\7zip\Bundles\Fm\Debug\SetProperties.obj
C:\Users\lvlv\Desktop\gzip\Relavant Data\7ZipCodeSrc\windows\7Zip\CPP\7zip\Bundles\Fm\Debug\SettingsPage.obj
C:\Users\lvlv\Desktop\gzip\Relavant Data\7ZipCodeSrc\windows\7Zip\CPP\7zip\Bundles\Fm\Debug\Sha256.obj
C:\Users\lvlv\Desktop\gzip\Relavant Data\7ZipCodeSrc\windows\7Zip\CPP\7zip\Bundles\Fm\Debug\Shell.obj
C:\Users\lvlv\Desktop\gzip\Relavant Data\7ZipCodeSrc\windows\7Zip\CPP\7zip\Bundles\Fm\Debug\Sort.obj
C:\Users\lvlv\Desktop\gzip\Relavant Data\7ZipCodeSrc\windows\7Zip\CPP\7zip\Bundles\Fm\Debug\SortUtils.obj
C:\Users\lvlv\Desktop\gzip\Relavant Data\7ZipCodeSrc\windows\7Zip\CPP\7zip\Bundles\Fm\Debug\SplitDialog.obj
C:\Users\lvlv\Desktop\gzip\Relavant Data\7ZipCodeSrc\windows\7Zip\CPP\7zip\Bundles\Fm\Debug\SplitUtils.obj
C:\Users\lvlv\Desktop\gzip\Relavant Data\7ZipCodeSrc\windows\7Zip\CPP\7zip\Bundles\Fm\Debug\StdAfx.obj
C:\Users\lvlv\Desktop\gzip\Relavant Data\7ZipCodeSrc\windows\7Zip\CPP\7zip\Bundles\Fm\Debug\StreamObjects.obj
C:\Users\lvlv\Desktop\gzip\Relavant Data\7ZipCodeSrc\windows\7Zip\CPP\7zip\Bundles\Fm\Debug\StreamUtils.obj
C:\Users\lvlv\Desktop\gzip\Relavant Data\7ZipCodeSrc\windows\7Zip\CPP\7zip\Bundles\Fm\Debug\StringConvert.obj
C:\Users\lvlv\Desktop\gzip\Relavant Data\7ZipCodeSrc\windows\7Zip\CPP\7zip\Bundles\Fm\Debug\StringToInt.obj
C:\Users\lvlv\Desktop\gzip\Relavant Data\7ZipCodeSrc\windows\7Zip\CPP\7zip\Bundles\Fm\Debug\StringUtils.obj
C:\Users\lvlv\Desktop\gzip\Relavant Data\7ZipCodeSrc\windows\7Zip\CPP\7zip\Bundles\Fm\Debug\Synchronization.obj
C:\Users\lvlv\Desktop\gzip\Relavant Data\7ZipCodeSrc\windows\7Zip\CPP\7zip\Bundles\Fm\Debug\SysIconUtils.obj
C:\Users\lvlv\Desktop\gzip\Relavant Data\7ZipCodeSrc\windows\7Zip\CPP\7zip\Bundles\Fm\Debug\System.obj
C:\Users\lvlv\Desktop\gzip\Relavant Data\7ZipCodeSrc\windows\7Zip\CPP\7zip\Bundles\Fm\Debug\SystemPage.obj
C:\Users\lvlv\Desktop\gzip\Relavant Data\7ZipCodeSrc\windows\7Zip\CPP\7zip\Bundles\Fm\Debug\TempFiles.obj
C:\Users\lvlv\Desktop\gzip\Relavant Data\7ZipCodeSrc\windows\7Zip\CPP\7zip\Bundles\Fm\Debug\TextConfig.obj
C:\Users\lvlv\Desktop\gzip\Relavant Data\7ZipCodeSrc\windows\7Zip\CPP\7zip\Bundles\Fm\Debug\TextPairs.obj
C:\Users\lvlv\Desktop\gzip\Relavant Data\7ZipCodeSrc\windows\7Zip\CPP\7zip\Bundles\Fm\Debug\Threads.obj
C:\Users\lvlv\Desktop\gzip\Relavant Data\7ZipCodeSrc\windows\7Zip\CPP\7zip\Bundles\Fm\Debug\Time.obj
C:\Users\lvlv\Desktop\gzip\Relavant Data\7ZipCodeSrc\windows\7Zip\CPP\7zip\Bundles\Fm\Debug\Update.obj
C:\Users\lvlv\Desktop\gzip\Relavant Data\7ZipCodeSrc\windows\7Zip\CPP\7zip\Bundles\Fm\Debug\UpdateAction.obj
C:\Users\lvlv\Desktop\gzip\Relavant Data\7ZipCodeSrc\windows\7Zip\CPP\7zip\Bundles\Fm\Debug\UpdateCallback.obj
C:\Users\lvlv\Desktop\gzip\Relavant Data\7ZipCodeSrc\windows\7Zip\CPP\7zip\Bundles\Fm\Debug\UpdateCallback100.obj
C:\Users\lvlv\Desktop\gzip\Relavant Data\7ZipCodeSrc\windows\7Zip\CPP\7zip\Bundles\Fm\Debug\UpdateCallbackAgent.obj
C:\Users\lvlv\Desktop\gzip\Relavant Data\7ZipCodeSrc\windows\7Zip\CPP\7zip\Bundles\Fm\Debug\UpdateCallbackGUI.obj
C:\Users\lvlv\Desktop\gzip\Relavant Data\7ZipCodeSrc\windows\7Zip\CPP\7zip\Bundles\Fm\Debug\UpdateGUI.obj
C:\Users\lvlv\Desktop\gzip\Relavant Data\7ZipCodeSrc\windows\7Zip\CPP\7zip\Bundles\Fm\Debug\UpdatePair.obj
C:\Users\lvlv\Desktop\gzip\Relavant Data\7ZipCodeSrc\windows\7Zip\CPP\7zip\Bundles\Fm\Debug\UpdateProduce.obj
C:\Users\lvlv\Desktop\gzip\Relavant Data\7ZipCodeSrc\windows\7Zip\CPP\7zip\Bundles\Fm\Debug\UTFConvert.obj
C:\Users\lvlv\Desktop\gzip\Relavant Data\7ZipCodeSrc\windows\7Zip\CPP\7zip\Bundles\Fm\Debug\ViewSettings.obj
C:\Users\lvlv\Desktop\gzip\Relavant Data\7ZipCodeSrc\windows\7Zip\CPP\7zip\Bundles\Fm\Debug\Wildcard.obj
C:\Users\lvlv\Desktop\gzip\Relavant Data\7ZipCodeSrc\windows\7Zip\CPP\7zip\Bundles\Fm\Debug\Window.obj
C:\Users\lvlv\Desktop\gzip\Relavant Data\7ZipCodeSrc\windows\7Zip\CPP\7zip\Bundles\Fm\Debug\Window2.obj
C:\Users\lvlv\Desktop\gzip\Relavant Data\7ZipCodeSrc\windows\7Zip\CPP\7zip\Bundles\Fm\Debug\WorkDir.obj
C:\Users\lvlv\Desktop\gzip\Relavant Data\7ZipCodeSrc\windows\7Zip\CPP\7zip\Bundles\Fm\Debug\ZipRegistry.obj
C:\Users\lvlv\Desktop\gzip\Relavant Data\7ZipCodeSrc\windows\7Zip\CPP\7zip\Bundles\Fm\Debug\cl.command.1.tlog
C:\Users\lvlv\Desktop\gzip\Relavant Data\7ZipCodeSrc\windows\7Zip\CPP\7zip\Bundles\Fm\Debug\CL.read.1.tlog
C:\Users\lvlv\Desktop\gzip\Relavant Data\7ZipCodeSrc\windows\7Zip\CPP\7zip\Bundles\Fm\Debug\CL.write.1.tlog
C:\Users\lvlv\Desktop\gzip\Relavant Data\7ZipCodeSrc\windows\7Zip\CPP\7zip\Bundles\Fm\Debug\link.command.1.tlog
C:\Users\lvlv\Desktop\gzip\Relavant Data\7ZipCodeSrc\windows\7Zip\CPP\7zip\Bundles\Fm\Debug\link.read.1.tlog
C:\Users\lvlv\Desktop\gzip\Relavant Data\7ZipCodeSrc\windows\7Zip\CPP\7zip\Bundles\Fm\Debug\link.write.1.tlog
C:\Users\lvlv\Desktop\gzip\Relavant Data\7ZipCodeSrc\windows\7Zip\CPP\7zip\Bundles\Fm\Debug\rc.command.1.tlog
C:\Users\lvlv\Desktop\gzip\Relavant Data\7ZipCodeSrc\windows\7Zip\CPP\7zip\Bundles\Fm\Debug\rc.read.1.tlog
C:\Users\lvlv\Desktop\gzip\Relavant Data\7ZipCodeSrc\windows\7Zip\CPP\7zip\Bundles\Fm\Debug\rc.write.1.tlog
C:\Users\lvlv\Desktop\gzip\Relavant Data\7ZipCodeSrc\windows\7Zip\CPP\7zip\Bundles\Fm\Debug\resource.res
C:\Users\lvlv\Desktop\gzip\Relavant Data\7ZipCodeSrc\windows\7Zip\CPP\7zip\Bundles\Fm\Debug\FM.pch
C:\Users\lvlv\Desktop\gzip\Relavant Data\7ZipCodeSrc\windows\7Zip\CPP\7zip\Bundles\Fm\Debug\vc110.idb
C:\Users\lvlv\Desktop\gzip\Relavant Data\7ZipCodeSrc\windows\7Zip\CPP\7zip\Bundles\Fm\Debug\vc110.pdb
C:\Users\lvlv\Desktop\gzip\Relavant Data\7ZipCodeSrc\windows\7Zip\CPP\7zip\Bundles\Fm\.\Debug\7zFM.exe
