生成启动时间为 2014/10/30 15:17:33。
     1>项目“C:\Users\lvlv\Desktop\gzip\Relavant Data\7ZipCodeSrc\windows\7Zip\CPP\7zip\Bundles\Fm\FM.vcxproj”在节点 2 上(Build 个目标)。
     1>ClCompile:
         E:\Program Files\Microsoft Visual Studio 11.0\VC\bin\CL.exe /c /I..\..\..\ /ZI /nologo /W3 /WX- /Od /Oy- /D _DEBUG /D WIN32 /D _WINDOWS /D LANG /D WIN_LONG_PATH /D NEW_FOLDER_INTERFACE /D EXTERNAL_CODECS /D SUPPORT_DEVICE_FILE /D _VC80_UPGRADE=0x0600 /D _MBCS /Gm /EHsc /RTC1 /MDd /GS /Gy- /fp:precise /Zc:wchar_t /Zc:forScope /Yc"StdAfx.h" /Fp".\Debug\FM.pch" /Fo".\Debug\\" /Fd".\Debug\vc110.pdb" /Gz /TP /analyze- /errorReport:prompt ..\..\UI\FileManager\StdAfx.cpp
         StdAfx.cpp
         E:\Program Files\Microsoft Visual Studio 11.0\VC\bin\CL.exe /c /I..\..\..\ /ZI /nologo /W3 /WX- /Od /Oy- /D _DEBUG /D WIN32 /D _WINDOWS /D LANG /D WIN_LONG_PATH /D NEW_FOLDER_INTERFACE /D EXTERNAL_CODECS /D SUPPORT_DEVICE_FILE /D _VC80_UPGRADE=0x0600 /D _MBCS /Gm /EHsc /RTC1 /MDd /GS /Gy- /fp:precise /Zc:wchar_t /Zc:forScope /Yu"StdAfx.h" /Fp".\Debug\FM.pch" /Fo".\Debug\\" /Fd".\Debug\vc110.pdb" /Gz /TP /analyze- /errorReport:prompt ..\..\UI\FileManager\ClassDefs.cpp ..\..\Archive\Common\OutStreamWithCRC.cpp ..\..\UI\FileManager\FSDrives.cpp ..\..\UI\FileManager\FSFolder.cpp ..\..\UI\FileManager\FSFolderCopy.cpp ..\..\UI\FileManager\NetFolder.cpp ..\..\UI\FileManager\RootFolder.cpp ..\..\UI\FileManager\RegistryAssociations.cpp ..\..\UI\FileManager\RegistryPlugins.cpp ..\..\UI\FileManager\RegistryUtils.cpp ..\..\UI\FileManager\ViewSettings.cpp ..\..\UI\FileManager\App.cpp ..\..\UI\FileManager\EnumFormatEtc.cpp ..\..\UI\FileManager\FileFolderPluginOpen.cpp ..\..\UI\FileManager\Panel.cpp ..\..\UI\FileManager\PanelCopy.cpp ..\..\UI\FileManager\PanelCrc.cpp ..\..\UI\FileManager\PanelDrag.cpp ..\..\UI\FileManager\PanelFolderChange.cpp ..\..\UI\FileManager\PanelItemOpen.cpp ..\..\UI\FileManager\PanelItems.cpp ..\..\UI\FileManager\PanelKey.cpp ..\..\UI\FileManager\PanelListNotify.cpp ..\..\UI\FileManager\PanelMenu.cpp ..\..\UI\FileManager\PanelOperations.cpp ..\..\UI\FileManager\PanelSelect.cpp ..\..\UI\FileManager\PanelSort.cpp ..\..\UI\FileManager\PanelSplitFile.cpp ..\..\UI\FileManager\EditPage.cpp ..\..\UI\FileManager\FoldersPage.cpp ..\..\UI\FileManager\LangPage.cpp ..\..\UI\FileManager\MenuPage.cpp ..\..\UI\FileManager\OptionsDialog.cpp ..\..\UI\FileManager\SettingsPage.cpp ..\..\UI\FileManager\SystemPage.cpp ..\..\UI\FileManager\AboutDialog.cpp ..\..\UI\FileManager\BrowseDialog.cpp ..\..\UI\FileManager\ComboDialog.cpp ..\..\UI\FileManager\CopyDialog.cpp ..\..\UI\FileManager\ListViewDialog.cpp ..\..\UI\FileManager\MessagesDialog.cpp ..\..\UI\FileManager\OverwriteDialog.cpp ..\..\UI\FileManager\PasswordDialog.cpp ..\..\UI\FileManager\ProgressDialog2.cpp ..\..\UI\FileManager\SplitDialog.cpp ..\..\UI\FileManager\ExtractCallback.cpp ..\..\UI\FileManager\FormatUtils.cpp ..\..\UI\FileManager\HelpUtils.cpp ..\..\UI\FileManager\LangUtils.cpp ..\..\UI\FileManager\ProgramLocation.cpp ..\..\UI\FileManager\UpdateCallback100.cpp ..\..\Common\FilePathAutoRename.cpp ..\..\Common\FileStreams.cpp ..\..\Common\MethodProps.cpp ..\..\Common\ProgressUtils.cpp ..\..\Common\StreamObjects.cpp ..\..\Common\StreamUtils.cpp ..\..\..\Windows\Control\ComboBox.cpp ..\..\..\Windows\Control\Dialog.cpp ..\..\..\Windows\Control\ListView.cpp ..\..\..\Windows\Control\PropertyPage.cpp ..\..\..\Windows\Control\Window2.cpp ..\..\..\Windows\Clipboard.cpp ..\..\..\Windows\CommonDialog.cpp ..\..\..\Windows\DLL.cpp ..\..\..\Windows\Error.cpp ..\..\..\Windows\FileDir.cpp ..\..\..\Windows\FileFind.cpp ..\..\..\Windows\FileIO.cpp ..\..\..\Windows\FileName.cpp ..\..\..\Windows\FileSystem.cpp ..\..\..\Windows\Memory.cpp ..\..\..\Windows\MemoryLock.cpp ..\..\..\Windows\Menu.cpp ..\..\..\Windows\Net.cpp ..\..\..\Windows\Process.cpp ..\..\..\Windows\PropVariant.cpp ..\..\..\Windows\PropVariantConversions.cpp ..\..\..\Windows\Registry.cpp ..\..\..\Windows\ResourceString.cpp ..\..\..\Windows\Security.cpp ..\..\..\Windows\Shell.cpp ..\..\..\Windows\Synchronization.cpp ..\..\..\Windows\System.cpp ..\..\..\Windows\Time.cpp ..\..\..\Windows\Window.cpp ..\..\..\Common\CommandLineParser.cpp ..\..\..\Common\CRC.cpp ..\..\..\Common\IntToString.cpp ..\..\..\Common\Lang.cpp ..\..\..\Common\ListFileUtils.cpp ..\..\..\Common\MyString.cpp ..\..\..\Common\MyVector.cpp ..\..\..\Common\NewHandler.cpp ..\..\..\Common\Random.cpp ..\..\..\Common\StringConvert.cpp ..\..\..\Common\StringToInt.cpp ..\..\..\Common\TextConfig.cpp ..\..\..\Common\UTFConvert.cpp ..\..\..\Common\Wildcard.cpp ..\..\UI\Common\ArchiveCommandLine.cpp ..\..\UI\Common\ArchiveExtractCallback.cpp ..\..\UI\Common\ArchiveName.cpp ..\..\UI\Common\ArchiveOpenCallback.cpp ..\..\UI\Common\Bench.cpp ..\..\UI\Common\CompressCall2.cpp ..\..\Common\CreateCoder.cpp ..\..\UI\Common\DefaultName.cpp ..\..\UI\Common\EnumDirItems.cpp ..\..\UI\Common\Extract.cpp ..\..\UI\Common\ExtractingFilePath.cpp ..\..\Common\FilterCoder.cpp ..\..\UI\Common\LoadCodecs.cpp ..\..\UI\Common\OpenArchive.cpp ..\..\UI\Common\PropIDUtils.cpp ..\..\UI\Common\SetProperties.cpp ..\..\UI\Common\SortUtils.cpp ..\..\UI\Common\TempFiles.cpp ..\..\UI\Common\Update.cpp ..\..\UI\Common\UpdateAction.cpp ..\..\UI\Common\UpdateCallback.cpp ..\..\UI\Common\UpdatePair.cpp ..\..\UI\Common\UpdateProduce.cpp ..\..\UI\Common\WorkDir.cpp ..\..\UI\Common\ZipRegistry.cpp ..\..\UI\Agent\Agent.cpp ..\..\UI\Agent\AgentOut.cpp ..\..\UI\Agent\AgentProxy.cpp ..\..\UI\Agent\ArchiveFolder.cpp ..\..\UI\Agent\ArchiveFolderOpen.cpp ..\..\UI\Agent\ArchiveFolderOut.cpp ..\..\UI\Agent\UpdateCallbackAgent.cpp ..\..\UI\Explorer\ContextMenu.cpp ..\..\UI\Explorer\MyMessages.cpp ..\..\UI\Explorer\RegistryContextMenu.cpp ..\..\UI\GUI\BenchmarkDialog.cpp ..\..\UI\GUI\CompressDialog.cpp ..\..\UI\GUI\ExtractDialog.cpp ..\..\UI\GUI\ExtractGUI.cpp ..\..\UI\GUI\UpdateCallbackGUI.cpp ..\..\UI\GUI\UpdateGUI.cpp ..\..\Compress\CopyCoder.cpp ..\..\UI\FileManager\FilePlugins.cpp ..\..\UI\FileManager\FM.cpp ..\..\UI\FileManager\MyLoadMenu.cpp ..\..\UI\FileManager\OpenCallback.cpp ..\..\UI\FileManager\PropertyName.cpp ..\..\UI\FileManager\SplitUtils.cpp ..\..\UI\FileManager\StringUtils.cpp ..\..\UI\FileManager\SysIconUtils.cpp ..\..\UI\FileManager\TextPairs.cpp
         TextPairs.cpp
         SysIconUtils.cpp
         StringUtils.cpp
         SplitUtils.cpp
         PropertyName.cpp
         OpenCallback.cpp
         MyLoadMenu.cpp
         FM.cpp
         FilePlugins.cpp
         CopyCoder.cpp
         UpdateGUI.cpp
         UpdateCallbackGUI.cpp
         ExtractGUI.cpp
         ExtractDialog.cpp
         CompressDialog.cpp
         BenchmarkDialog.cpp
         RegistryContextMenu.cpp
         MyMessages.cpp
         ContextMenu.cpp
         UpdateCallbackAgent.cpp
         正在生成代码...
         正在编译...
         ArchiveFolderOut.cpp
         ArchiveFolderOpen.cpp
         ArchiveFolder.cpp
         AgentProxy.cpp
         AgentOut.cpp
         Agent.cpp
         ZipRegistry.cpp
         WorkDir.cpp
         UpdateProduce.cpp
         UpdatePair.cpp
         UpdateCallback.cpp
         UpdateAction.cpp
         Update.cpp
         TempFiles.cpp
         SortUtils.cpp
         SetProperties.cpp
         PropIDUtils.cpp
         OpenArchive.cpp
         LoadCodecs.cpp
         FilterCoder.cpp
         正在生成代码...
         正在编译...
         ExtractingFilePath.cpp
         Extract.cpp
         EnumDirItems.cpp
         DefaultName.cpp
         CreateCoder.cpp
         CompressCall2.cpp
         Bench.cpp
         ArchiveOpenCallback.cpp
         ArchiveName.cpp
         ArchiveExtractCallback.cpp
         ArchiveCommandLine.cpp
         Wildcard.cpp
         UTFConvert.cpp
         TextConfig.cpp
         StringToInt.cpp
         StringConvert.cpp
         Random.cpp
         NewHandler.cpp
         MyVector.cpp
         MyString.cpp
         正在生成代码...
         正在编译...
         ListFileUtils.cpp
         Lang.cpp
         IntToString.cpp
         CRC.cpp
         CommandLineParser.cpp
         Window.cpp
         Time.cpp
         System.cpp
         Synchronization.cpp
         Shell.cpp
         Security.cpp
         ResourceString.cpp
         Registry.cpp
         PropVariantConversions.cpp
         PropVariant.cpp
         Process.cpp
         Net.cpp
         Menu.cpp
         MemoryLock.cpp
         Memory.cpp
         正在生成代码...
         正在编译...
         FileSystem.cpp
         FileName.cpp
         FileIO.cpp
         FileFind.cpp
         FileDir.cpp
         Error.cpp
         DLL.cpp
         CommonDialog.cpp
         Clipboard.cpp
         Window2.cpp
         PropertyPage.cpp
         ListView.cpp
         Dialog.cpp
         ComboBox.cpp
         StreamUtils.cpp
         StreamObjects.cpp
         ProgressUtils.cpp
         MethodProps.cpp
         FileStreams.cpp
         FilePathAutoRename.cpp
         正在生成代码...
         正在编译...
         UpdateCallback100.cpp
         ProgramLocation.cpp
         LangUtils.cpp
         HelpUtils.cpp
         FormatUtils.cpp
         ExtractCallback.cpp
         SplitDialog.cpp
         ProgressDialog2.cpp
         PasswordDialog.cpp
         OverwriteDialog.cpp
         MessagesDialog.cpp
         ListViewDialog.cpp
         CopyDialog.cpp
         ComboDialog.cpp
         BrowseDialog.cpp
         AboutDialog.cpp
         SystemPage.cpp
         SettingsPage.cpp
         OptionsDialog.cpp
         MenuPage.cpp
         正在生成代码...
         正在编译...
         LangPage.cpp
         FoldersPage.cpp
         EditPage.cpp
         PanelSplitFile.cpp
         PanelSort.cpp
         PanelSelect.cpp
         PanelOperations.cpp
         PanelMenu.cpp
         PanelListNotify.cpp
         PanelKey.cpp
         PanelItems.cpp
         PanelItemOpen.cpp
         PanelFolderChange.cpp
         PanelDrag.cpp
         PanelCrc.cpp
         PanelCopy.cpp
         Panel.cpp
         FileFolderPluginOpen.cpp
         EnumFormatEtc.cpp
         App.cpp
         正在生成代码...
         正在编译...
         ViewSettings.cpp
         RegistryUtils.cpp
         RegistryPlugins.cpp
         RegistryAssociations.cpp
         RootFolder.cpp
         NetFolder.cpp
         FSFolderCopy.cpp
         FSFolder.cpp
         FSDrives.cpp
         OutStreamWithCRC.cpp
         ClassDefs.cpp
         正在生成代码...
         E:\Program Files\Microsoft Visual Studio 11.0\VC\bin\CL.exe /c /I..\..\..\ /ZI /nologo /W3 /WX- /Od /Oy- /D _DEBUG /D WIN32 /D _WINDOWS /D LANG /D WIN_LONG_PATH /D NEW_FOLDER_INTERFACE /D EXTERNAL_CODECS /D SUPPORT_DEVICE_FILE /D _VC80_UPGRADE=0x0600 /D _MBCS /Gm /EHsc /RTC1 /MDd /GS /Gy- /fp:precise /Zc:wchar_t /Zc:forScope /Fo".\Debug\\" /Fd".\Debug\vc110.pdb" /Gz /TC /analyze- /errorReport:prompt ..\..\..\..\C\7zCrc.c ..\..\..\..\C\7zCrcOpt.c ..\..\..\..\C\Alloc.c ..\..\..\..\C\CpuArch.c ..\..\..\..\C\Sha256.c ..\..\..\..\C\Sort.c ..\..\..\..\C\Threads.c
         Threads.c
         Sort.c
         Sha256.c
         CpuArch.c
         Alloc.c
         7zCrcOpt.c
         7zCrc.c
         正在生成代码...
       ResourceCompile:
         C:\Windows\system32\rc.exe /D _DEBUG /D _VC80_UPGRADE=0x0600 /l"0x0409" /nologo /fo".\Debug\resource.res" resource.rc 
     1>E:\Program Files\Microsoft Visual Studio 11.0\VC\include\string.h(57): warning RC4011: identifier truncated to '_CRT_SECURE_CPP_OVERLOAD_STANDA'
     1>E:\Program Files\Microsoft Visual Studio 11.0\VC\include\string.h(79): warning RC4011: identifier truncated to '_CRT_SECURE_CPP_OVERLOAD_SECURE'
     1>../../UI/FileManager/../../..\..\C\7zVersion.h(7): warning RC4005: 'MY_COPYRIGHT' : redefinition
     1>../../UI/FileManager/../../..\..\C\7zVersion.h(8): warning RC4005: 'MY_VERSION_COPYRIGHT_DATE' : redefinition
       Link:
         E:\Program Files\Microsoft Visual Studio 11.0\VC\bin\link.exe /ERRORREPORT:PROMPT /OUT:".\Debug\7zFM.exe" /INCREMENTAL /NOLOGO odbc32.lib odbccp32.lib comctl32.lib Mpr.lib htmlhelp.lib Urlmon.lib kernel32.lib user32.lib gdi32.lib winspool.lib comdlg32.lib advapi32.lib shell32.lib ole32.lib oleaut32.lib uuid.lib odbc32.lib odbccp32.lib /MANIFEST /ManifestFile:".\Debug\7zFM.exe.intermediate.manifest" /MANIFESTUAC:"level='asInvoker' uiAccess='false'" /DEBUG /PDB:".\Debug\7zFM.pdb" /SUBSYSTEM:WINDOWS /TLBID:1 /DYNAMICBASE /NXCOMPAT /IMPLIB:".\Debug\7zFM.lib" /MACHINE:X86 /SAFESEH .\Debug\resource.res
         .\Debug\ClassDefs.obj
         .\Debug\StdAfx.obj
         .\Debug\OutStreamWithCRC.obj
         .\Debug\FSDrives.obj
         .\Debug\FSFolder.obj
         .\Debug\FSFolderCopy.obj
         .\Debug\NetFolder.obj
         .\Debug\RootFolder.obj
         .\Debug\RegistryAssociations.obj
         .\Debug\RegistryPlugins.obj
         .\Debug\RegistryUtils.obj
         .\Debug\ViewSettings.obj
         .\Debug\App.obj
         .\Debug\EnumFormatEtc.obj
         .\Debug\FileFolderPluginOpen.obj
         .\Debug\Panel.obj
         .\Debug\PanelCopy.obj
         .\Debug\PanelCrc.obj
         .\Debug\PanelDrag.obj
         .\Debug\PanelFolderChange.obj
         .\Debug\PanelItemOpen.obj
         .\Debug\PanelItems.obj
         .\Debug\PanelKey.obj
         .\Debug\PanelListNotify.obj
         .\Debug\PanelMenu.obj
         .\Debug\PanelOperations.obj
         .\Debug\PanelSelect.obj
         .\Debug\PanelSort.obj
         .\Debug\PanelSplitFile.obj
         .\Debug\EditPage.obj
         .\Debug\FoldersPage.obj
         .\Debug\LangPage.obj
         .\Debug\MenuPage.obj
         .\Debug\OptionsDialog.obj
         .\Debug\SettingsPage.obj
         .\Debug\SystemPage.obj
         .\Debug\AboutDialog.obj
         .\Debug\BrowseDialog.obj
         .\Debug\ComboDialog.obj
         .\Debug\CopyDialog.obj
         .\Debug\ListViewDialog.obj
         .\Debug\MessagesDialog.obj
         .\Debug\OverwriteDialog.obj
         .\Debug\PasswordDialog.obj
         .\Debug\ProgressDialog2.obj
         .\Debug\SplitDialog.obj
         .\Debug\ExtractCallback.obj
         .\Debug\FormatUtils.obj
         .\Debug\HelpUtils.obj
         .\Debug\LangUtils.obj
         .\Debug\ProgramLocation.obj
         .\Debug\UpdateCallback100.obj
         .\Debug\FilePathAutoRename.obj
         .\Debug\FileStreams.obj
         .\Debug\MethodProps.obj
         .\Debug\ProgressUtils.obj
         .\Debug\StreamObjects.obj
         .\Debug\StreamUtils.obj
         .\Debug\7zCrc.obj
         .\Debug\7zCrcOpt.obj
         .\Debug\Alloc.obj
         .\Debug\CpuArch.obj
         .\Debug\Sha256.obj
         .\Debug\Sort.obj
         .\Debug\Threads.obj
         .\Debug\ComboBox.obj
         .\Debug\Dialog.obj
         .\Debug\ListView.obj
         .\Debug\PropertyPage.obj
         .\Debug\Window2.obj
         .\Debug\Clipboard.obj
         .\Debug\CommonDialog.obj
         .\Debug\DLL.obj
         .\Debug\Error.obj
         .\Debug\FileDir.obj
         .\Debug\FileFind.obj
         .\Debug\FileIO.obj
         .\Debug\FileName.obj
         .\Debug\FileSystem.obj
         .\Debug\Memory.obj
         .\Debug\MemoryLock.obj
         .\Debug\Menu.obj
         .\Debug\Net.obj
         .\Debug\Process.obj
         .\Debug\PropVariant.obj
         .\Debug\PropVariantConversions.obj
         .\Debug\Registry.obj
         .\Debug\ResourceString.obj
         .\Debug\Security.obj
         .\Debug\Shell.obj
         .\Debug\Synchronization.obj
         .\Debug\System.obj
         .\Debug\Time.obj
         .\Debug\Window.obj
         .\Debug\CommandLineParser.obj
         .\Debug\CRC.obj
         .\Debug\IntToString.obj
         .\Debug\Lang.obj
         .\Debug\ListFileUtils.obj
         .\Debug\MyString.obj
         .\Debug\MyVector.obj
         .\Debug\NewHandler.obj
         .\Debug\Random.obj
         .\Debug\StringConvert.obj
         .\Debug\StringToInt.obj
         .\Debug\TextConfig.obj
         .\Debug\UTFConvert.obj
         .\Debug\Wildcard.obj
         .\Debug\ArchiveCommandLine.obj
         .\Debug\ArchiveExtractCallback.obj
         .\Debug\ArchiveName.obj
         .\Debug\ArchiveOpenCallback.obj
         .\Debug\Bench.obj
         .\Debug\CompressCall2.obj
         .\Debug\CreateCoder.obj
         .\Debug\DefaultName.obj
         .\Debug\EnumDirItems.obj
         .\Debug\Extract.obj
         .\Debug\ExtractingFilePath.obj
         .\Debug\FilterCoder.obj
         .\Debug\LoadCodecs.obj
         .\Debug\OpenArchive.obj
         .\Debug\PropIDUtils.obj
         .\Debug\SetProperties.obj
         .\Debug\SortUtils.obj
         .\Debug\TempFiles.obj
         .\Debug\Update.obj
         .\Debug\UpdateAction.obj
         .\Debug\UpdateCallback.obj
         .\Debug\UpdatePair.obj
         .\Debug\UpdateProduce.obj
         .\Debug\WorkDir.obj
         .\Debug\ZipRegistry.obj
         .\Debug\Agent.obj
         .\Debug\AgentOut.obj
         .\Debug\AgentProxy.obj
         .\Debug\ArchiveFolder.obj
         .\Debug\ArchiveFolderOpen.obj
         .\Debug\ArchiveFolderOut.obj
         .\Debug\UpdateCallbackAgent.obj
         .\Debug\ContextMenu.obj
         .\Debug\MyMessages.obj
         .\Debug\RegistryContextMenu.obj
         .\Debug\BenchmarkDialog.obj
         .\Debug\CompressDialog.obj
         .\Debug\ExtractDialog.obj
         .\Debug\ExtractGUI.obj
         .\Debug\UpdateCallbackGUI.obj
         .\Debug\UpdateGUI.obj
         .\Debug\CopyCoder.obj
         .\Debug\FilePlugins.obj
         .\Debug\FM.obj
         .\Debug\MyLoadMenu.obj
         .\Debug\OpenCallback.obj
         .\Debug\PropertyName.obj
         .\Debug\SplitUtils.obj
         .\Debug\StringUtils.obj
         .\Debug\SysIconUtils.obj
         .\Debug\TextPairs.obj
     1>LINK : fatal error LNK1104: 无法打开文件“.\Debug\7zFM.exe”
     1>已完成生成项目“C:\Users\lvlv\Desktop\gzip\Relavant Data\7ZipCodeSrc\windows\7Zip\CPP\7zip\Bundles\Fm\FM.vcxproj”(Build 个目标)的操作 - 失败。

生成失败。

已用时间 00:01:08.67
