.\Debug\Alone.pdb
C:\USERS\LVLV\DESKTOP\GZIP\RELAVANT DATA\7ZIPCODESRC\WINDOWS\7ZIP\CPP\7ZIP\BUNDLES\ALONE\DEBUG\7ZAES.OBJ
C:\USERS\LVLV\DESKTOP\GZIP\RELAVANT DATA\7ZIPCODESRC\WINDOWS\7ZIP\CPP\7ZIP\BUNDLES\ALONE\DEBUG\7ZAESREGISTER.OBJ
C:\USERS\LVLV\DESKTOP\GZIP\RELAVANT DATA\7ZIPCODESRC\WINDOWS\7ZIP\CPP\7ZIP\BUNDLES\ALONE\DEBUG\7ZCOMPRESSIONMODE.OBJ
C:\USERS\LVLV\DESKTOP\GZIP\RELAVANT DATA\7ZIPCODESRC\WINDOWS\7ZIP\CPP\7ZIP\BUNDLES\ALONE\DEBUG\7ZCRC.OBJ
C:\USERS\LVLV\DESKTOP\GZIP\RELAVANT DATA\7ZIPCODESRC\WINDOWS\7ZIP\CPP\7ZIP\BUNDLES\ALONE\DEBUG\7ZCRCOPT.OBJ
C:\USERS\LVLV\DESKTOP\GZIP\RELAVANT DATA\7ZIPCODESRC\WINDOWS\7ZIP\CPP\7ZIP\BUNDLES\ALONE\DEBUG\7ZDECODE.OBJ
C:\USERS\LVLV\DESKTOP\GZIP\RELAVANT DATA\7ZIPCODESRC\WINDOWS\7ZIP\CPP\7ZIP\BUNDLES\ALONE\DEBUG\7ZENCODE.OBJ
C:\USERS\LVLV\DESKTOP\GZIP\RELAVANT DATA\7ZIPCODESRC\WINDOWS\7ZIP\CPP\7ZIP\BUNDLES\ALONE\DEBUG\7ZEXTRACT.OBJ
C:\USERS\LVLV\DESKTOP\GZIP\RELAVANT DATA\7ZIPCODESRC\WINDOWS\7ZIP\CPP\7ZIP\BUNDLES\ALONE\DEBUG\7ZFOLDERINSTREAM.OBJ
C:\USERS\LVLV\DESKTOP\GZIP\RELAVANT DATA\7ZIPCODESRC\WINDOWS\7ZIP\CPP\7ZIP\BUNDLES\ALONE\DEBUG\7ZFOLDEROUTSTREAM.OBJ
C:\USERS\LVLV\DESKTOP\GZIP\RELAVANT DATA\7ZIPCODESRC\WINDOWS\7ZIP\CPP\7ZIP\BUNDLES\ALONE\DEBUG\7ZHANDLER.OBJ
C:\USERS\LVLV\DESKTOP\GZIP\RELAVANT DATA\7ZIPCODESRC\WINDOWS\7ZIP\CPP\7ZIP\BUNDLES\ALONE\DEBUG\7ZHANDLEROUT.OBJ
C:\USERS\LVLV\DESKTOP\GZIP\RELAVANT DATA\7ZIPCODESRC\WINDOWS\7ZIP\CPP\7ZIP\BUNDLES\ALONE\DEBUG\7ZHEADER.OBJ
C:\USERS\LVLV\DESKTOP\GZIP\RELAVANT DATA\7ZIPCODESRC\WINDOWS\7ZIP\CPP\7ZIP\BUNDLES\ALONE\DEBUG\7ZIN.OBJ
C:\USERS\LVLV\DESKTOP\GZIP\RELAVANT DATA\7ZIPCODESRC\WINDOWS\7ZIP\CPP\7ZIP\BUNDLES\ALONE\DEBUG\7ZOUT.OBJ
C:\USERS\LVLV\DESKTOP\GZIP\RELAVANT DATA\7ZIPCODESRC\WINDOWS\7ZIP\CPP\7ZIP\BUNDLES\ALONE\DEBUG\7ZPROPERTIES.OBJ
C:\USERS\LVLV\DESKTOP\GZIP\RELAVANT DATA\7ZIPCODESRC\WINDOWS\7ZIP\CPP\7ZIP\BUNDLES\ALONE\DEBUG\7ZREGISTER.OBJ
C:\USERS\LVLV\DESKTOP\GZIP\RELAVANT DATA\7ZIPCODESRC\WINDOWS\7ZIP\CPP\7ZIP\BUNDLES\ALONE\DEBUG\7ZSPECSTREAM.OBJ
C:\USERS\LVLV\DESKTOP\GZIP\RELAVANT DATA\7ZIPCODESRC\WINDOWS\7ZIP\CPP\7ZIP\BUNDLES\ALONE\DEBUG\7ZSTREAM.OBJ
C:\USERS\LVLV\DESKTOP\GZIP\RELAVANT DATA\7ZIPCODESRC\WINDOWS\7ZIP\CPP\7ZIP\BUNDLES\ALONE\DEBUG\7ZUPDATE.OBJ
C:\USERS\LVLV\DESKTOP\GZIP\RELAVANT DATA\7ZIPCODESRC\WINDOWS\7ZIP\CPP\7ZIP\BUNDLES\ALONE\DEBUG\AES.OBJ
C:\USERS\LVLV\DESKTOP\GZIP\RELAVANT DATA\7ZIPCODESRC\WINDOWS\7ZIP\CPP\7ZIP\BUNDLES\ALONE\DEBUG\AESOPT.OBJ
C:\USERS\LVLV\DESKTOP\GZIP\RELAVANT DATA\7ZIPCODESRC\WINDOWS\7ZIP\CPP\7ZIP\BUNDLES\ALONE\DEBUG\ALLOC.OBJ
C:\USERS\LVLV\DESKTOP\GZIP\RELAVANT DATA\7ZIPCODESRC\WINDOWS\7ZIP\CPP\7ZIP\BUNDLES\ALONE\DEBUG\ALONE.PCH
C:\USERS\LVLV\DESKTOP\GZIP\RELAVANT DATA\7ZIPCODESRC\WINDOWS\7ZIP\CPP\7ZIP\BUNDLES\ALONE\DEBUG\ARCHIVECOMMANDLINE.OBJ
C:\USERS\LVLV\DESKTOP\GZIP\RELAVANT DATA\7ZIPCODESRC\WINDOWS\7ZIP\CPP\7ZIP\BUNDLES\ALONE\DEBUG\ARCHIVEEXTRACTCALLBACK.OBJ
C:\USERS\LVLV\DESKTOP\GZIP\RELAVANT DATA\7ZIPCODESRC\WINDOWS\7ZIP\CPP\7ZIP\BUNDLES\ALONE\DEBUG\ARCHIVEOPENCALLBACK.OBJ
C:\USERS\LVLV\DESKTOP\GZIP\RELAVANT DATA\7ZIPCODESRC\WINDOWS\7ZIP\CPP\7ZIP\BUNDLES\ALONE\DEBUG\BCJ2.OBJ
C:\USERS\LVLV\DESKTOP\GZIP\RELAVANT DATA\7ZIPCODESRC\WINDOWS\7ZIP\CPP\7ZIP\BUNDLES\ALONE\DEBUG\BCJ2CODER.OBJ
C:\USERS\LVLV\DESKTOP\GZIP\RELAVANT DATA\7ZIPCODESRC\WINDOWS\7ZIP\CPP\7ZIP\BUNDLES\ALONE\DEBUG\BCJ2REGISTER.OBJ
C:\USERS\LVLV\DESKTOP\GZIP\RELAVANT DATA\7ZIPCODESRC\WINDOWS\7ZIP\CPP\7ZIP\BUNDLES\ALONE\DEBUG\BCJCODER.OBJ
C:\USERS\LVLV\DESKTOP\GZIP\RELAVANT DATA\7ZIPCODESRC\WINDOWS\7ZIP\CPP\7ZIP\BUNDLES\ALONE\DEBUG\BCJREGISTER.OBJ
C:\USERS\LVLV\DESKTOP\GZIP\RELAVANT DATA\7ZIPCODESRC\WINDOWS\7ZIP\CPP\7ZIP\BUNDLES\ALONE\DEBUG\BENCH.OBJ
C:\USERS\LVLV\DESKTOP\GZIP\RELAVANT DATA\7ZIPCODESRC\WINDOWS\7ZIP\CPP\7ZIP\BUNDLES\ALONE\DEBUG\BENCHCON.OBJ
C:\USERS\LVLV\DESKTOP\GZIP\RELAVANT DATA\7ZIPCODESRC\WINDOWS\7ZIP\CPP\7ZIP\BUNDLES\ALONE\DEBUG\BITLDECODER.OBJ
C:\USERS\LVLV\DESKTOP\GZIP\RELAVANT DATA\7ZIPCODESRC\WINDOWS\7ZIP\CPP\7ZIP\BUNDLES\ALONE\DEBUG\BRA.OBJ
C:\USERS\LVLV\DESKTOP\GZIP\RELAVANT DATA\7ZIPCODESRC\WINDOWS\7ZIP\CPP\7ZIP\BUNDLES\ALONE\DEBUG\BRA86.OBJ
C:\USERS\LVLV\DESKTOP\GZIP\RELAVANT DATA\7ZIPCODESRC\WINDOWS\7ZIP\CPP\7ZIP\BUNDLES\ALONE\DEBUG\BRAIA64.OBJ
C:\USERS\LVLV\DESKTOP\GZIP\RELAVANT DATA\7ZIPCODESRC\WINDOWS\7ZIP\CPP\7ZIP\BUNDLES\ALONE\DEBUG\BRANCHCODER.OBJ
C:\USERS\LVLV\DESKTOP\GZIP\RELAVANT DATA\7ZIPCODESRC\WINDOWS\7ZIP\CPP\7ZIP\BUNDLES\ALONE\DEBUG\BRANCHMISC.OBJ
C:\USERS\LVLV\DESKTOP\GZIP\RELAVANT DATA\7ZIPCODESRC\WINDOWS\7ZIP\CPP\7ZIP\BUNDLES\ALONE\DEBUG\BRANCHREGISTER.OBJ
C:\USERS\LVLV\DESKTOP\GZIP\RELAVANT DATA\7ZIPCODESRC\WINDOWS\7ZIP\CPP\7ZIP\BUNDLES\ALONE\DEBUG\BWTSORT.OBJ
C:\USERS\LVLV\DESKTOP\GZIP\RELAVANT DATA\7ZIPCODESRC\WINDOWS\7ZIP\CPP\7ZIP\BUNDLES\ALONE\DEBUG\BYTESWAP.OBJ
C:\USERS\LVLV\DESKTOP\GZIP\RELAVANT DATA\7ZIPCODESRC\WINDOWS\7ZIP\CPP\7ZIP\BUNDLES\ALONE\DEBUG\BZ2HANDLER.OBJ
C:\USERS\LVLV\DESKTOP\GZIP\RELAVANT DATA\7ZIPCODESRC\WINDOWS\7ZIP\CPP\7ZIP\BUNDLES\ALONE\DEBUG\BZIP2CRC.OBJ
C:\USERS\LVLV\DESKTOP\GZIP\RELAVANT DATA\7ZIPCODESRC\WINDOWS\7ZIP\CPP\7ZIP\BUNDLES\ALONE\DEBUG\BZIP2DECODER.OBJ
C:\USERS\LVLV\DESKTOP\GZIP\RELAVANT DATA\7ZIPCODESRC\WINDOWS\7ZIP\CPP\7ZIP\BUNDLES\ALONE\DEBUG\BZIP2ENCODER.OBJ
C:\USERS\LVLV\DESKTOP\GZIP\RELAVANT DATA\7ZIPCODESRC\WINDOWS\7ZIP\CPP\7ZIP\BUNDLES\ALONE\DEBUG\BZIP2REGISTER.OBJ
C:\USERS\LVLV\DESKTOP\GZIP\RELAVANT DATA\7ZIPCODESRC\WINDOWS\7ZIP\CPP\7ZIP\BUNDLES\ALONE\DEBUG\CABBLOCKINSTREAM.OBJ
C:\USERS\LVLV\DESKTOP\GZIP\RELAVANT DATA\7ZIPCODESRC\WINDOWS\7ZIP\CPP\7ZIP\BUNDLES\ALONE\DEBUG\CABHANDLER.OBJ
C:\USERS\LVLV\DESKTOP\GZIP\RELAVANT DATA\7ZIPCODESRC\WINDOWS\7ZIP\CPP\7ZIP\BUNDLES\ALONE\DEBUG\CABHEADER.OBJ
C:\USERS\LVLV\DESKTOP\GZIP\RELAVANT DATA\7ZIPCODESRC\WINDOWS\7ZIP\CPP\7ZIP\BUNDLES\ALONE\DEBUG\CABIN.OBJ
C:\USERS\LVLV\DESKTOP\GZIP\RELAVANT DATA\7ZIPCODESRC\WINDOWS\7ZIP\CPP\7ZIP\BUNDLES\ALONE\DEBUG\CABREGISTER.OBJ
C:\USERS\LVLV\DESKTOP\GZIP\RELAVANT DATA\7ZIPCODESRC\WINDOWS\7ZIP\CPP\7ZIP\BUNDLES\ALONE\DEBUG\CODERMIXER2.OBJ
C:\USERS\LVLV\DESKTOP\GZIP\RELAVANT DATA\7ZIPCODESRC\WINDOWS\7ZIP\CPP\7ZIP\BUNDLES\ALONE\DEBUG\CODERMIXER2MT.OBJ
C:\USERS\LVLV\DESKTOP\GZIP\RELAVANT DATA\7ZIPCODESRC\WINDOWS\7ZIP\CPP\7ZIP\BUNDLES\ALONE\DEBUG\COMMANDLINEPARSER.OBJ
C:\USERS\LVLV\DESKTOP\GZIP\RELAVANT DATA\7ZIPCODESRC\WINDOWS\7ZIP\CPP\7ZIP\BUNDLES\ALONE\DEBUG\CONSOLECLOSE.OBJ
C:\USERS\LVLV\DESKTOP\GZIP\RELAVANT DATA\7ZIPCODESRC\WINDOWS\7ZIP\CPP\7ZIP\BUNDLES\ALONE\DEBUG\COPYCODER.OBJ
C:\USERS\LVLV\DESKTOP\GZIP\RELAVANT DATA\7ZIPCODESRC\WINDOWS\7ZIP\CPP\7ZIP\BUNDLES\ALONE\DEBUG\COPYREGISTER.OBJ
C:\USERS\LVLV\DESKTOP\GZIP\RELAVANT DATA\7ZIPCODESRC\WINDOWS\7ZIP\CPP\7ZIP\BUNDLES\ALONE\DEBUG\CPUARCH.OBJ
C:\USERS\LVLV\DESKTOP\GZIP\RELAVANT DATA\7ZIPCODESRC\WINDOWS\7ZIP\CPP\7ZIP\BUNDLES\ALONE\DEBUG\CRC.OBJ
C:\USERS\LVLV\DESKTOP\GZIP\RELAVANT DATA\7ZIPCODESRC\WINDOWS\7ZIP\CPP\7ZIP\BUNDLES\ALONE\DEBUG\CREATECODER.OBJ
C:\USERS\LVLV\DESKTOP\GZIP\RELAVANT DATA\7ZIPCODESRC\WINDOWS\7ZIP\CPP\7ZIP\BUNDLES\ALONE\DEBUG\CROSSTHREADPROGRESS.OBJ
C:\USERS\LVLV\DESKTOP\GZIP\RELAVANT DATA\7ZIPCODESRC\WINDOWS\7ZIP\CPP\7ZIP\BUNDLES\ALONE\DEBUG\CWRAPPERS.OBJ
C:\USERS\LVLV\DESKTOP\GZIP\RELAVANT DATA\7ZIPCODESRC\WINDOWS\7ZIP\CPP\7ZIP\BUNDLES\ALONE\DEBUG\DEFAULTNAME.OBJ
C:\USERS\LVLV\DESKTOP\GZIP\RELAVANT DATA\7ZIPCODESRC\WINDOWS\7ZIP\CPP\7ZIP\BUNDLES\ALONE\DEBUG\DEFLATE64REGISTER.OBJ
C:\USERS\LVLV\DESKTOP\GZIP\RELAVANT DATA\7ZIPCODESRC\WINDOWS\7ZIP\CPP\7ZIP\BUNDLES\ALONE\DEBUG\DEFLATEDECODER.OBJ
C:\USERS\LVLV\DESKTOP\GZIP\RELAVANT DATA\7ZIPCODESRC\WINDOWS\7ZIP\CPP\7ZIP\BUNDLES\ALONE\DEBUG\DEFLATEENCODER.OBJ
C:\USERS\LVLV\DESKTOP\GZIP\RELAVANT DATA\7ZIPCODESRC\WINDOWS\7ZIP\CPP\7ZIP\BUNDLES\ALONE\DEBUG\DEFLATEPROPS.OBJ
C:\USERS\LVLV\DESKTOP\GZIP\RELAVANT DATA\7ZIPCODESRC\WINDOWS\7ZIP\CPP\7ZIP\BUNDLES\ALONE\DEBUG\DEFLATEREGISTER.OBJ
C:\USERS\LVLV\DESKTOP\GZIP\RELAVANT DATA\7ZIPCODESRC\WINDOWS\7ZIP\CPP\7ZIP\BUNDLES\ALONE\DEBUG\DELTA.OBJ
C:\USERS\LVLV\DESKTOP\GZIP\RELAVANT DATA\7ZIPCODESRC\WINDOWS\7ZIP\CPP\7ZIP\BUNDLES\ALONE\DEBUG\DELTAFILTER.OBJ
C:\USERS\LVLV\DESKTOP\GZIP\RELAVANT DATA\7ZIPCODESRC\WINDOWS\7ZIP\CPP\7ZIP\BUNDLES\ALONE\DEBUG\DLL.OBJ
C:\USERS\LVLV\DESKTOP\GZIP\RELAVANT DATA\7ZIPCODESRC\WINDOWS\7ZIP\CPP\7ZIP\BUNDLES\ALONE\DEBUG\DUMMYOUTSTREAM.OBJ
C:\USERS\LVLV\DESKTOP\GZIP\RELAVANT DATA\7ZIPCODESRC\WINDOWS\7ZIP\CPP\7ZIP\BUNDLES\ALONE\DEBUG\ENUMDIRITEMS.OBJ
C:\USERS\LVLV\DESKTOP\GZIP\RELAVANT DATA\7ZIPCODESRC\WINDOWS\7ZIP\CPP\7ZIP\BUNDLES\ALONE\DEBUG\ERROR.OBJ
C:\USERS\LVLV\DESKTOP\GZIP\RELAVANT DATA\7ZIPCODESRC\WINDOWS\7ZIP\CPP\7ZIP\BUNDLES\ALONE\DEBUG\EXTRACT.OBJ
C:\USERS\LVLV\DESKTOP\GZIP\RELAVANT DATA\7ZIPCODESRC\WINDOWS\7ZIP\CPP\7ZIP\BUNDLES\ALONE\DEBUG\EXTRACTCALLBACKCONSOLE.OBJ
C:\USERS\LVLV\DESKTOP\GZIP\RELAVANT DATA\7ZIPCODESRC\WINDOWS\7ZIP\CPP\7ZIP\BUNDLES\ALONE\DEBUG\EXTRACTINGFILEPATH.OBJ
C:\USERS\LVLV\DESKTOP\GZIP\RELAVANT DATA\7ZIPCODESRC\WINDOWS\7ZIP\CPP\7ZIP\BUNDLES\ALONE\DEBUG\FILEDIR.OBJ
C:\USERS\LVLV\DESKTOP\GZIP\RELAVANT DATA\7ZIPCODESRC\WINDOWS\7ZIP\CPP\7ZIP\BUNDLES\ALONE\DEBUG\FILEFIND.OBJ
C:\USERS\LVLV\DESKTOP\GZIP\RELAVANT DATA\7ZIPCODESRC\WINDOWS\7ZIP\CPP\7ZIP\BUNDLES\ALONE\DEBUG\FILEIO.OBJ
C:\USERS\LVLV\DESKTOP\GZIP\RELAVANT DATA\7ZIPCODESRC\WINDOWS\7ZIP\CPP\7ZIP\BUNDLES\ALONE\DEBUG\FILENAME.OBJ
C:\USERS\LVLV\DESKTOP\GZIP\RELAVANT DATA\7ZIPCODESRC\WINDOWS\7ZIP\CPP\7ZIP\BUNDLES\ALONE\DEBUG\FILEPATHAUTORENAME.OBJ
C:\USERS\LVLV\DESKTOP\GZIP\RELAVANT DATA\7ZIPCODESRC\WINDOWS\7ZIP\CPP\7ZIP\BUNDLES\ALONE\DEBUG\FILESTREAMS.OBJ
C:\USERS\LVLV\DESKTOP\GZIP\RELAVANT DATA\7ZIPCODESRC\WINDOWS\7ZIP\CPP\7ZIP\BUNDLES\ALONE\DEBUG\FILTERCODER.OBJ
C:\USERS\LVLV\DESKTOP\GZIP\RELAVANT DATA\7ZIPCODESRC\WINDOWS\7ZIP\CPP\7ZIP\BUNDLES\ALONE\DEBUG\FINDSIGNATURE.OBJ
C:\USERS\LVLV\DESKTOP\GZIP\RELAVANT DATA\7ZIPCODESRC\WINDOWS\7ZIP\CPP\7ZIP\BUNDLES\ALONE\DEBUG\GZHANDLER.OBJ
C:\USERS\LVLV\DESKTOP\GZIP\RELAVANT DATA\7ZIPCODESRC\WINDOWS\7ZIP\CPP\7ZIP\BUNDLES\ALONE\DEBUG\HANDLEROUT.OBJ
C:\USERS\LVLV\DESKTOP\GZIP\RELAVANT DATA\7ZIPCODESRC\WINDOWS\7ZIP\CPP\7ZIP\BUNDLES\ALONE\DEBUG\HMACSHA1.OBJ
C:\USERS\LVLV\DESKTOP\GZIP\RELAVANT DATA\7ZIPCODESRC\WINDOWS\7ZIP\CPP\7ZIP\BUNDLES\ALONE\DEBUG\HUFFENC.OBJ
C:\USERS\LVLV\DESKTOP\GZIP\RELAVANT DATA\7ZIPCODESRC\WINDOWS\7ZIP\CPP\7ZIP\BUNDLES\ALONE\DEBUG\IMPLODEDECODER.OBJ
C:\USERS\LVLV\DESKTOP\GZIP\RELAVANT DATA\7ZIPCODESRC\WINDOWS\7ZIP\CPP\7ZIP\BUNDLES\ALONE\DEBUG\IMPLODEHUFFMANDECODER.OBJ
C:\USERS\LVLV\DESKTOP\GZIP\RELAVANT DATA\7ZIPCODESRC\WINDOWS\7ZIP\CPP\7ZIP\BUNDLES\ALONE\DEBUG\INBUFFER.OBJ
C:\USERS\LVLV\DESKTOP\GZIP\RELAVANT DATA\7ZIPCODESRC\WINDOWS\7ZIP\CPP\7ZIP\BUNDLES\ALONE\DEBUG\INOUTTEMPBUFFER.OBJ
C:\USERS\LVLV\DESKTOP\GZIP\RELAVANT DATA\7ZIPCODESRC\WINDOWS\7ZIP\CPP\7ZIP\BUNDLES\ALONE\DEBUG\INSTREAMWITHCRC.OBJ
C:\USERS\LVLV\DESKTOP\GZIP\RELAVANT DATA\7ZIPCODESRC\WINDOWS\7ZIP\CPP\7ZIP\BUNDLES\ALONE\DEBUG\INTTOSTRING.OBJ
C:\USERS\LVLV\DESKTOP\GZIP\RELAVANT DATA\7ZIPCODESRC\WINDOWS\7ZIP\CPP\7ZIP\BUNDLES\ALONE\DEBUG\ITEMNAMEUTILS.OBJ
C:\USERS\LVLV\DESKTOP\GZIP\RELAVANT DATA\7ZIPCODESRC\WINDOWS\7ZIP\CPP\7ZIP\BUNDLES\ALONE\DEBUG\LIMITEDSTREAMS.OBJ
C:\USERS\LVLV\DESKTOP\GZIP\RELAVANT DATA\7ZIPCODESRC\WINDOWS\7ZIP\CPP\7ZIP\BUNDLES\ALONE\DEBUG\LIST.OBJ
C:\USERS\LVLV\DESKTOP\GZIP\RELAVANT DATA\7ZIPCODESRC\WINDOWS\7ZIP\CPP\7ZIP\BUNDLES\ALONE\DEBUG\LISTFILEUTILS.OBJ
C:\USERS\LVLV\DESKTOP\GZIP\RELAVANT DATA\7ZIPCODESRC\WINDOWS\7ZIP\CPP\7ZIP\BUNDLES\ALONE\DEBUG\LOADCODECS.OBJ
C:\USERS\LVLV\DESKTOP\GZIP\RELAVANT DATA\7ZIPCODESRC\WINDOWS\7ZIP\CPP\7ZIP\BUNDLES\ALONE\DEBUG\LOCKEDSTREAM.OBJ
C:\USERS\LVLV\DESKTOP\GZIP\RELAVANT DATA\7ZIPCODESRC\WINDOWS\7ZIP\CPP\7ZIP\BUNDLES\ALONE\DEBUG\LZFIND.OBJ
C:\USERS\LVLV\DESKTOP\GZIP\RELAVANT DATA\7ZIPCODESRC\WINDOWS\7ZIP\CPP\7ZIP\BUNDLES\ALONE\DEBUG\LZFINDMT.OBJ
C:\USERS\LVLV\DESKTOP\GZIP\RELAVANT DATA\7ZIPCODESRC\WINDOWS\7ZIP\CPP\7ZIP\BUNDLES\ALONE\DEBUG\LZMA2DEC.OBJ
C:\USERS\LVLV\DESKTOP\GZIP\RELAVANT DATA\7ZIPCODESRC\WINDOWS\7ZIP\CPP\7ZIP\BUNDLES\ALONE\DEBUG\LZMA2DECODER.OBJ
C:\USERS\LVLV\DESKTOP\GZIP\RELAVANT DATA\7ZIPCODESRC\WINDOWS\7ZIP\CPP\7ZIP\BUNDLES\ALONE\DEBUG\LZMA2ENC.OBJ
C:\USERS\LVLV\DESKTOP\GZIP\RELAVANT DATA\7ZIPCODESRC\WINDOWS\7ZIP\CPP\7ZIP\BUNDLES\ALONE\DEBUG\LZMA2ENCODER.OBJ
C:\USERS\LVLV\DESKTOP\GZIP\RELAVANT DATA\7ZIPCODESRC\WINDOWS\7ZIP\CPP\7ZIP\BUNDLES\ALONE\DEBUG\LZMA2REGISTER.OBJ
C:\USERS\LVLV\DESKTOP\GZIP\RELAVANT DATA\7ZIPCODESRC\WINDOWS\7ZIP\CPP\7ZIP\BUNDLES\ALONE\DEBUG\LZMADEC.OBJ
C:\USERS\LVLV\DESKTOP\GZIP\RELAVANT DATA\7ZIPCODESRC\WINDOWS\7ZIP\CPP\7ZIP\BUNDLES\ALONE\DEBUG\LZMADECODER.OBJ
C:\USERS\LVLV\DESKTOP\GZIP\RELAVANT DATA\7ZIPCODESRC\WINDOWS\7ZIP\CPP\7ZIP\BUNDLES\ALONE\DEBUG\LZMAENC.OBJ
C:\USERS\LVLV\DESKTOP\GZIP\RELAVANT DATA\7ZIPCODESRC\WINDOWS\7ZIP\CPP\7ZIP\BUNDLES\ALONE\DEBUG\LZMAENCODER.OBJ
C:\USERS\LVLV\DESKTOP\GZIP\RELAVANT DATA\7ZIPCODESRC\WINDOWS\7ZIP\CPP\7ZIP\BUNDLES\ALONE\DEBUG\LZMAHANDLER.OBJ
C:\USERS\LVLV\DESKTOP\GZIP\RELAVANT DATA\7ZIPCODESRC\WINDOWS\7ZIP\CPP\7ZIP\BUNDLES\ALONE\DEBUG\LZMAREGISTER.OBJ
C:\USERS\LVLV\DESKTOP\GZIP\RELAVANT DATA\7ZIPCODESRC\WINDOWS\7ZIP\CPP\7ZIP\BUNDLES\ALONE\DEBUG\LZOUTWINDOW.OBJ
C:\USERS\LVLV\DESKTOP\GZIP\RELAVANT DATA\7ZIPCODESRC\WINDOWS\7ZIP\CPP\7ZIP\BUNDLES\ALONE\DEBUG\LZX86CONVERTER.OBJ
C:\USERS\LVLV\DESKTOP\GZIP\RELAVANT DATA\7ZIPCODESRC\WINDOWS\7ZIP\CPP\7ZIP\BUNDLES\ALONE\DEBUG\LZXDECODER.OBJ
C:\USERS\LVLV\DESKTOP\GZIP\RELAVANT DATA\7ZIPCODESRC\WINDOWS\7ZIP\CPP\7ZIP\BUNDLES\ALONE\DEBUG\MAIN.OBJ
C:\USERS\LVLV\DESKTOP\GZIP\RELAVANT DATA\7ZIPCODESRC\WINDOWS\7ZIP\CPP\7ZIP\BUNDLES\ALONE\DEBUG\MAINAR.OBJ
C:\USERS\LVLV\DESKTOP\GZIP\RELAVANT DATA\7ZIPCODESRC\WINDOWS\7ZIP\CPP\7ZIP\BUNDLES\ALONE\DEBUG\MEMBLOCKS.OBJ
C:\USERS\LVLV\DESKTOP\GZIP\RELAVANT DATA\7ZIPCODESRC\WINDOWS\7ZIP\CPP\7ZIP\BUNDLES\ALONE\DEBUG\MEMORYLOCK.OBJ
C:\USERS\LVLV\DESKTOP\GZIP\RELAVANT DATA\7ZIPCODESRC\WINDOWS\7ZIP\CPP\7ZIP\BUNDLES\ALONE\DEBUG\METHODID.OBJ
C:\USERS\LVLV\DESKTOP\GZIP\RELAVANT DATA\7ZIPCODESRC\WINDOWS\7ZIP\CPP\7ZIP\BUNDLES\ALONE\DEBUG\METHODPROPS.OBJ
C:\USERS\LVLV\DESKTOP\GZIP\RELAVANT DATA\7ZIPCODESRC\WINDOWS\7ZIP\CPP\7ZIP\BUNDLES\ALONE\DEBUG\MTCODER.OBJ
C:\USERS\LVLV\DESKTOP\GZIP\RELAVANT DATA\7ZIPCODESRC\WINDOWS\7ZIP\CPP\7ZIP\BUNDLES\ALONE\DEBUG\MULTISTREAM.OBJ
C:\USERS\LVLV\DESKTOP\GZIP\RELAVANT DATA\7ZIPCODESRC\WINDOWS\7ZIP\CPP\7ZIP\BUNDLES\ALONE\DEBUG\MYAES.OBJ
C:\USERS\LVLV\DESKTOP\GZIP\RELAVANT DATA\7ZIPCODESRC\WINDOWS\7ZIP\CPP\7ZIP\BUNDLES\ALONE\DEBUG\MYSTRING.OBJ
C:\USERS\LVLV\DESKTOP\GZIP\RELAVANT DATA\7ZIPCODESRC\WINDOWS\7ZIP\CPP\7ZIP\BUNDLES\ALONE\DEBUG\MYVECTOR.OBJ
C:\USERS\LVLV\DESKTOP\GZIP\RELAVANT DATA\7ZIPCODESRC\WINDOWS\7ZIP\CPP\7ZIP\BUNDLES\ALONE\DEBUG\NEWHANDLER.OBJ
C:\USERS\LVLV\DESKTOP\GZIP\RELAVANT DATA\7ZIPCODESRC\WINDOWS\7ZIP\CPP\7ZIP\BUNDLES\ALONE\DEBUG\OFFSETSTREAM.OBJ
C:\USERS\LVLV\DESKTOP\GZIP\RELAVANT DATA\7ZIPCODESRC\WINDOWS\7ZIP\CPP\7ZIP\BUNDLES\ALONE\DEBUG\OPENARCHIVE.OBJ
C:\USERS\LVLV\DESKTOP\GZIP\RELAVANT DATA\7ZIPCODESRC\WINDOWS\7ZIP\CPP\7ZIP\BUNDLES\ALONE\DEBUG\OPENCALLBACKCONSOLE.OBJ
C:\USERS\LVLV\DESKTOP\GZIP\RELAVANT DATA\7ZIPCODESRC\WINDOWS\7ZIP\CPP\7ZIP\BUNDLES\ALONE\DEBUG\OUTBUFFER.OBJ
C:\USERS\LVLV\DESKTOP\GZIP\RELAVANT DATA\7ZIPCODESRC\WINDOWS\7ZIP\CPP\7ZIP\BUNDLES\ALONE\DEBUG\OUTMEMSTREAM.OBJ
C:\USERS\LVLV\DESKTOP\GZIP\RELAVANT DATA\7ZIPCODESRC\WINDOWS\7ZIP\CPP\7ZIP\BUNDLES\ALONE\DEBUG\OUTSTREAMWITHCRC.OBJ
C:\USERS\LVLV\DESKTOP\GZIP\RELAVANT DATA\7ZIPCODESRC\WINDOWS\7ZIP\CPP\7ZIP\BUNDLES\ALONE\DEBUG\PARSEPROPERTIES.OBJ
C:\USERS\LVLV\DESKTOP\GZIP\RELAVANT DATA\7ZIPCODESRC\WINDOWS\7ZIP\CPP\7ZIP\BUNDLES\ALONE\DEBUG\PBKDF2HMACSHA1.OBJ
C:\USERS\LVLV\DESKTOP\GZIP\RELAVANT DATA\7ZIPCODESRC\WINDOWS\7ZIP\CPP\7ZIP\BUNDLES\ALONE\DEBUG\PERCENTPRINTER.OBJ
C:\USERS\LVLV\DESKTOP\GZIP\RELAVANT DATA\7ZIPCODESRC\WINDOWS\7ZIP\CPP\7ZIP\BUNDLES\ALONE\DEBUG\PPMD7.OBJ
C:\USERS\LVLV\DESKTOP\GZIP\RELAVANT DATA\7ZIPCODESRC\WINDOWS\7ZIP\CPP\7ZIP\BUNDLES\ALONE\DEBUG\PPMD7DEC.OBJ
C:\USERS\LVLV\DESKTOP\GZIP\RELAVANT DATA\7ZIPCODESRC\WINDOWS\7ZIP\CPP\7ZIP\BUNDLES\ALONE\DEBUG\PPMD7ENC.OBJ
C:\USERS\LVLV\DESKTOP\GZIP\RELAVANT DATA\7ZIPCODESRC\WINDOWS\7ZIP\CPP\7ZIP\BUNDLES\ALONE\DEBUG\PPMD8.OBJ
C:\USERS\LVLV\DESKTOP\GZIP\RELAVANT DATA\7ZIPCODESRC\WINDOWS\7ZIP\CPP\7ZIP\BUNDLES\ALONE\DEBUG\PPMD8DEC.OBJ
C:\USERS\LVLV\DESKTOP\GZIP\RELAVANT DATA\7ZIPCODESRC\WINDOWS\7ZIP\CPP\7ZIP\BUNDLES\ALONE\DEBUG\PPMD8ENC.OBJ
C:\USERS\LVLV\DESKTOP\GZIP\RELAVANT DATA\7ZIPCODESRC\WINDOWS\7ZIP\CPP\7ZIP\BUNDLES\ALONE\DEBUG\PPMDDECODER.OBJ
C:\USERS\LVLV\DESKTOP\GZIP\RELAVANT DATA\7ZIPCODESRC\WINDOWS\7ZIP\CPP\7ZIP\BUNDLES\ALONE\DEBUG\PPMDENCODER.OBJ
C:\USERS\LVLV\DESKTOP\GZIP\RELAVANT DATA\7ZIPCODESRC\WINDOWS\7ZIP\CPP\7ZIP\BUNDLES\ALONE\DEBUG\PPMDREGISTER.OBJ
C:\USERS\LVLV\DESKTOP\GZIP\RELAVANT DATA\7ZIPCODESRC\WINDOWS\7ZIP\CPP\7ZIP\BUNDLES\ALONE\DEBUG\PPMDZIP.OBJ
C:\USERS\LVLV\DESKTOP\GZIP\RELAVANT DATA\7ZIPCODESRC\WINDOWS\7ZIP\CPP\7ZIP\BUNDLES\ALONE\DEBUG\PROGRESSMT.OBJ
C:\USERS\LVLV\DESKTOP\GZIP\RELAVANT DATA\7ZIPCODESRC\WINDOWS\7ZIP\CPP\7ZIP\BUNDLES\ALONE\DEBUG\PROGRESSUTILS.OBJ
C:\USERS\LVLV\DESKTOP\GZIP\RELAVANT DATA\7ZIPCODESRC\WINDOWS\7ZIP\CPP\7ZIP\BUNDLES\ALONE\DEBUG\PROPIDUTILS.OBJ
C:\USERS\LVLV\DESKTOP\GZIP\RELAVANT DATA\7ZIPCODESRC\WINDOWS\7ZIP\CPP\7ZIP\BUNDLES\ALONE\DEBUG\PROPVARIANT.OBJ
C:\USERS\LVLV\DESKTOP\GZIP\RELAVANT DATA\7ZIPCODESRC\WINDOWS\7ZIP\CPP\7ZIP\BUNDLES\ALONE\DEBUG\PROPVARIANTCONVERSIONS.OBJ
C:\USERS\LVLV\DESKTOP\GZIP\RELAVANT DATA\7ZIPCODESRC\WINDOWS\7ZIP\CPP\7ZIP\BUNDLES\ALONE\DEBUG\QUANTUMDECODER.OBJ
C:\USERS\LVLV\DESKTOP\GZIP\RELAVANT DATA\7ZIPCODESRC\WINDOWS\7ZIP\CPP\7ZIP\BUNDLES\ALONE\DEBUG\RANDGEN.OBJ
C:\USERS\LVLV\DESKTOP\GZIP\RELAVANT DATA\7ZIPCODESRC\WINDOWS\7ZIP\CPP\7ZIP\BUNDLES\ALONE\DEBUG\RESOURCE.RES
C:\USERS\LVLV\DESKTOP\GZIP\RELAVANT DATA\7ZIPCODESRC\WINDOWS\7ZIP\CPP\7ZIP\BUNDLES\ALONE\DEBUG\SETPROPERTIES.OBJ
C:\USERS\LVLV\DESKTOP\GZIP\RELAVANT DATA\7ZIPCODESRC\WINDOWS\7ZIP\CPP\7ZIP\BUNDLES\ALONE\DEBUG\SHA1.OBJ
C:\USERS\LVLV\DESKTOP\GZIP\RELAVANT DATA\7ZIPCODESRC\WINDOWS\7ZIP\CPP\7ZIP\BUNDLES\ALONE\DEBUG\SHA256.OBJ
C:\USERS\LVLV\DESKTOP\GZIP\RELAVANT DATA\7ZIPCODESRC\WINDOWS\7ZIP\CPP\7ZIP\BUNDLES\ALONE\DEBUG\SHRINKDECODER.OBJ
C:\USERS\LVLV\DESKTOP\GZIP\RELAVANT DATA\7ZIPCODESRC\WINDOWS\7ZIP\CPP\7ZIP\BUNDLES\ALONE\DEBUG\SORT.OBJ
C:\USERS\LVLV\DESKTOP\GZIP\RELAVANT DATA\7ZIPCODESRC\WINDOWS\7ZIP\CPP\7ZIP\BUNDLES\ALONE\DEBUG\SORTUTILS.OBJ
C:\USERS\LVLV\DESKTOP\GZIP\RELAVANT DATA\7ZIPCODESRC\WINDOWS\7ZIP\CPP\7ZIP\BUNDLES\ALONE\DEBUG\SPLITHANDLER.OBJ
C:\USERS\LVLV\DESKTOP\GZIP\RELAVANT DATA\7ZIPCODESRC\WINDOWS\7ZIP\CPP\7ZIP\BUNDLES\ALONE\DEBUG\STDAFX.OBJ
C:\USERS\LVLV\DESKTOP\GZIP\RELAVANT DATA\7ZIPCODESRC\WINDOWS\7ZIP\CPP\7ZIP\BUNDLES\ALONE\DEBUG\STDINSTREAM.OBJ
C:\USERS\LVLV\DESKTOP\GZIP\RELAVANT DATA\7ZIPCODESRC\WINDOWS\7ZIP\CPP\7ZIP\BUNDLES\ALONE\DEBUG\STDOUTSTREAM.OBJ
C:\USERS\LVLV\DESKTOP\GZIP\RELAVANT DATA\7ZIPCODESRC\WINDOWS\7ZIP\CPP\7ZIP\BUNDLES\ALONE\DEBUG\STREAMBINDER.OBJ
C:\USERS\LVLV\DESKTOP\GZIP\RELAVANT DATA\7ZIPCODESRC\WINDOWS\7ZIP\CPP\7ZIP\BUNDLES\ALONE\DEBUG\STREAMOBJECTS.OBJ
C:\USERS\LVLV\DESKTOP\GZIP\RELAVANT DATA\7ZIPCODESRC\WINDOWS\7ZIP\CPP\7ZIP\BUNDLES\ALONE\DEBUG\STREAMUTILS.OBJ
C:\USERS\LVLV\DESKTOP\GZIP\RELAVANT DATA\7ZIPCODESRC\WINDOWS\7ZIP\CPP\7ZIP\BUNDLES\ALONE\DEBUG\STRINGCONVERT.OBJ
C:\USERS\LVLV\DESKTOP\GZIP\RELAVANT DATA\7ZIPCODESRC\WINDOWS\7ZIP\CPP\7ZIP\BUNDLES\ALONE\DEBUG\STRINGTOINT.OBJ
C:\USERS\LVLV\DESKTOP\GZIP\RELAVANT DATA\7ZIPCODESRC\WINDOWS\7ZIP\CPP\7ZIP\BUNDLES\ALONE\DEBUG\SYNCHRONIZATION.OBJ
C:\USERS\LVLV\DESKTOP\GZIP\RELAVANT DATA\7ZIPCODESRC\WINDOWS\7ZIP\CPP\7ZIP\BUNDLES\ALONE\DEBUG\SYSTEM.OBJ
C:\USERS\LVLV\DESKTOP\GZIP\RELAVANT DATA\7ZIPCODESRC\WINDOWS\7ZIP\CPP\7ZIP\BUNDLES\ALONE\DEBUG\TARHANDLER.OBJ
C:\USERS\LVLV\DESKTOP\GZIP\RELAVANT DATA\7ZIPCODESRC\WINDOWS\7ZIP\CPP\7ZIP\BUNDLES\ALONE\DEBUG\TARHANDLEROUT.OBJ
C:\USERS\LVLV\DESKTOP\GZIP\RELAVANT DATA\7ZIPCODESRC\WINDOWS\7ZIP\CPP\7ZIP\BUNDLES\ALONE\DEBUG\TARHEADER.OBJ
C:\USERS\LVLV\DESKTOP\GZIP\RELAVANT DATA\7ZIPCODESRC\WINDOWS\7ZIP\CPP\7ZIP\BUNDLES\ALONE\DEBUG\TARIN.OBJ
C:\USERS\LVLV\DESKTOP\GZIP\RELAVANT DATA\7ZIPCODESRC\WINDOWS\7ZIP\CPP\7ZIP\BUNDLES\ALONE\DEBUG\TAROUT.OBJ
C:\USERS\LVLV\DESKTOP\GZIP\RELAVANT DATA\7ZIPCODESRC\WINDOWS\7ZIP\CPP\7ZIP\BUNDLES\ALONE\DEBUG\TARREGISTER.OBJ
C:\USERS\LVLV\DESKTOP\GZIP\RELAVANT DATA\7ZIPCODESRC\WINDOWS\7ZIP\CPP\7ZIP\BUNDLES\ALONE\DEBUG\TARUPDATE.OBJ
C:\USERS\LVLV\DESKTOP\GZIP\RELAVANT DATA\7ZIPCODESRC\WINDOWS\7ZIP\CPP\7ZIP\BUNDLES\ALONE\DEBUG\TEMPFILES.OBJ
C:\USERS\LVLV\DESKTOP\GZIP\RELAVANT DATA\7ZIPCODESRC\WINDOWS\7ZIP\CPP\7ZIP\BUNDLES\ALONE\DEBUG\THREADS.OBJ
C:\USERS\LVLV\DESKTOP\GZIP\RELAVANT DATA\7ZIPCODESRC\WINDOWS\7ZIP\CPP\7ZIP\BUNDLES\ALONE\DEBUG\TIME.OBJ
C:\USERS\LVLV\DESKTOP\GZIP\RELAVANT DATA\7ZIPCODESRC\WINDOWS\7ZIP\CPP\7ZIP\BUNDLES\ALONE\DEBUG\UPDATE.OBJ
C:\USERS\LVLV\DESKTOP\GZIP\RELAVANT DATA\7ZIPCODESRC\WINDOWS\7ZIP\CPP\7ZIP\BUNDLES\ALONE\DEBUG\UPDATEACTION.OBJ
C:\USERS\LVLV\DESKTOP\GZIP\RELAVANT DATA\7ZIPCODESRC\WINDOWS\7ZIP\CPP\7ZIP\BUNDLES\ALONE\DEBUG\UPDATECALLBACK.OBJ
C:\USERS\LVLV\DESKTOP\GZIP\RELAVANT DATA\7ZIPCODESRC\WINDOWS\7ZIP\CPP\7ZIP\BUNDLES\ALONE\DEBUG\UPDATECALLBACKCONSOLE.OBJ
C:\USERS\LVLV\DESKTOP\GZIP\RELAVANT DATA\7ZIPCODESRC\WINDOWS\7ZIP\CPP\7ZIP\BUNDLES\ALONE\DEBUG\UPDATEPAIR.OBJ
C:\USERS\LVLV\DESKTOP\GZIP\RELAVANT DATA\7ZIPCODESRC\WINDOWS\7ZIP\CPP\7ZIP\BUNDLES\ALONE\DEBUG\UPDATEPRODUCE.OBJ
C:\USERS\LVLV\DESKTOP\GZIP\RELAVANT DATA\7ZIPCODESRC\WINDOWS\7ZIP\CPP\7ZIP\BUNDLES\ALONE\DEBUG\USERINPUTUTILS.OBJ
C:\USERS\LVLV\DESKTOP\GZIP\RELAVANT DATA\7ZIPCODESRC\WINDOWS\7ZIP\CPP\7ZIP\BUNDLES\ALONE\DEBUG\UTFCONVERT.OBJ
C:\USERS\LVLV\DESKTOP\GZIP\RELAVANT DATA\7ZIPCODESRC\WINDOWS\7ZIP\CPP\7ZIP\BUNDLES\ALONE\DEBUG\VC110.PDB
C:\USERS\LVLV\DESKTOP\GZIP\RELAVANT DATA\7ZIPCODESRC\WINDOWS\7ZIP\CPP\7ZIP\BUNDLES\ALONE\DEBUG\VIRTTHREAD.OBJ
C:\USERS\LVLV\DESKTOP\GZIP\RELAVANT DATA\7ZIPCODESRC\WINDOWS\7ZIP\CPP\7ZIP\BUNDLES\ALONE\DEBUG\WILDCARD.OBJ
C:\USERS\LVLV\DESKTOP\GZIP\RELAVANT DATA\7ZIPCODESRC\WINDOWS\7ZIP\CPP\7ZIP\BUNDLES\ALONE\DEBUG\WZAES.OBJ
C:\USERS\LVLV\DESKTOP\GZIP\RELAVANT DATA\7ZIPCODESRC\WINDOWS\7ZIP\CPP\7ZIP\BUNDLES\ALONE\DEBUG\XZ.OBJ
C:\USERS\LVLV\DESKTOP\GZIP\RELAVANT DATA\7ZIPCODESRC\WINDOWS\7ZIP\CPP\7ZIP\BUNDLES\ALONE\DEBUG\XZCRC64.OBJ
C:\USERS\LVLV\DESKTOP\GZIP\RELAVANT DATA\7ZIPCODESRC\WINDOWS\7ZIP\CPP\7ZIP\BUNDLES\ALONE\DEBUG\XZDEC.OBJ
C:\USERS\LVLV\DESKTOP\GZIP\RELAVANT DATA\7ZIPCODESRC\WINDOWS\7ZIP\CPP\7ZIP\BUNDLES\ALONE\DEBUG\XZENC.OBJ
C:\USERS\LVLV\DESKTOP\GZIP\RELAVANT DATA\7ZIPCODESRC\WINDOWS\7ZIP\CPP\7ZIP\BUNDLES\ALONE\DEBUG\XZHANDLER.OBJ
C:\USERS\LVLV\DESKTOP\GZIP\RELAVANT DATA\7ZIPCODESRC\WINDOWS\7ZIP\CPP\7ZIP\BUNDLES\ALONE\DEBUG\XZIN.OBJ
C:\USERS\LVLV\DESKTOP\GZIP\RELAVANT DATA\7ZIPCODESRC\WINDOWS\7ZIP\CPP\7ZIP\BUNDLES\ALONE\DEBUG\ZDECODER.OBJ
C:\USERS\LVLV\DESKTOP\GZIP\RELAVANT DATA\7ZIPCODESRC\WINDOWS\7ZIP\CPP\7ZIP\BUNDLES\ALONE\DEBUG\ZHANDLER.OBJ
C:\USERS\LVLV\DESKTOP\GZIP\RELAVANT DATA\7ZIPCODESRC\WINDOWS\7ZIP\CPP\7ZIP\BUNDLES\ALONE\DEBUG\ZIPADDCOMMON.OBJ
C:\USERS\LVLV\DESKTOP\GZIP\RELAVANT DATA\7ZIPCODESRC\WINDOWS\7ZIP\CPP\7ZIP\BUNDLES\ALONE\DEBUG\ZIPCRYPTO.OBJ
C:\USERS\LVLV\DESKTOP\GZIP\RELAVANT DATA\7ZIPCODESRC\WINDOWS\7ZIP\CPP\7ZIP\BUNDLES\ALONE\DEBUG\ZIPHANDLER.OBJ
C:\USERS\LVLV\DESKTOP\GZIP\RELAVANT DATA\7ZIPCODESRC\WINDOWS\7ZIP\CPP\7ZIP\BUNDLES\ALONE\DEBUG\ZIPHANDLEROUT.OBJ
C:\USERS\LVLV\DESKTOP\GZIP\RELAVANT DATA\7ZIPCODESRC\WINDOWS\7ZIP\CPP\7ZIP\BUNDLES\ALONE\DEBUG\ZIPHEADER.OBJ
C:\USERS\LVLV\DESKTOP\GZIP\RELAVANT DATA\7ZIPCODESRC\WINDOWS\7ZIP\CPP\7ZIP\BUNDLES\ALONE\DEBUG\ZIPIN.OBJ
C:\USERS\LVLV\DESKTOP\GZIP\RELAVANT DATA\7ZIPCODESRC\WINDOWS\7ZIP\CPP\7ZIP\BUNDLES\ALONE\DEBUG\ZIPITEM.OBJ
C:\USERS\LVLV\DESKTOP\GZIP\RELAVANT DATA\7ZIPCODESRC\WINDOWS\7ZIP\CPP\7ZIP\BUNDLES\ALONE\DEBUG\ZIPOUT.OBJ
C:\USERS\LVLV\DESKTOP\GZIP\RELAVANT DATA\7ZIPCODESRC\WINDOWS\7ZIP\CPP\7ZIP\BUNDLES\ALONE\DEBUG\ZIPREGISTER.OBJ
C:\USERS\LVLV\DESKTOP\GZIP\RELAVANT DATA\7ZIPCODESRC\WINDOWS\7ZIP\CPP\7ZIP\BUNDLES\ALONE\DEBUG\ZIPSTRONG.OBJ
C:\USERS\LVLV\DESKTOP\GZIP\RELAVANT DATA\7ZIPCODESRC\WINDOWS\7ZIP\CPP\7ZIP\BUNDLES\ALONE\DEBUG\ZIPUPDATE.OBJ
C:\Users\yy\Desktop\7Zip\CPP\7zip\Bundles\Alone\.\Debug\Alone.exe.intermediate.manifest
C:\Users\yy\Desktop\7Zip\CPP\7zip\Bundles\Alone\Debug\7za.ilk
C:\Users\yy\Desktop\7Zip\CPP\7zip\Bundles\Alone\Debug\7za.pdb
C:\USERS\YY\DESKTOP\7ZIP\CPP\7ZIP\BUNDLES\ALONE\DEBUG\7ZAES.OBJ
C:\USERS\YY\DESKTOP\7ZIP\CPP\7ZIP\BUNDLES\ALONE\DEBUG\7ZAESREGISTER.OBJ
C:\USERS\YY\DESKTOP\7ZIP\CPP\7ZIP\BUNDLES\ALONE\DEBUG\7ZCOMPRESSIONMODE.OBJ
C:\USERS\YY\DESKTOP\7ZIP\CPP\7ZIP\BUNDLES\ALONE\DEBUG\7ZCRC.OBJ
C:\USERS\YY\DESKTOP\7ZIP\CPP\7ZIP\BUNDLES\ALONE\DEBUG\7ZCRCOPT.OBJ
C:\USERS\YY\DESKTOP\7ZIP\CPP\7ZIP\BUNDLES\ALONE\DEBUG\7ZDECODE.OBJ
C:\USERS\YY\DESKTOP\7ZIP\CPP\7ZIP\BUNDLES\ALONE\DEBUG\7ZENCODE.OBJ
C:\USERS\YY\DESKTOP\7ZIP\CPP\7ZIP\BUNDLES\ALONE\DEBUG\7ZEXTRACT.OBJ
C:\USERS\YY\DESKTOP\7ZIP\CPP\7ZIP\BUNDLES\ALONE\DEBUG\7ZFOLDERINSTREAM.OBJ
C:\USERS\YY\DESKTOP\7ZIP\CPP\7ZIP\BUNDLES\ALONE\DEBUG\7ZFOLDEROUTSTREAM.OBJ
C:\USERS\YY\DESKTOP\7ZIP\CPP\7ZIP\BUNDLES\ALONE\DEBUG\7ZHANDLER.OBJ
C:\USERS\YY\DESKTOP\7ZIP\CPP\7ZIP\BUNDLES\ALONE\DEBUG\7ZHANDLEROUT.OBJ
C:\USERS\YY\DESKTOP\7ZIP\CPP\7ZIP\BUNDLES\ALONE\DEBUG\7ZHEADER.OBJ
C:\USERS\YY\DESKTOP\7ZIP\CPP\7ZIP\BUNDLES\ALONE\DEBUG\7ZIN.OBJ
C:\USERS\YY\DESKTOP\7ZIP\CPP\7ZIP\BUNDLES\ALONE\DEBUG\7ZOUT.OBJ
C:\USERS\YY\DESKTOP\7ZIP\CPP\7ZIP\BUNDLES\ALONE\DEBUG\7ZPROPERTIES.OBJ
C:\USERS\YY\DESKTOP\7ZIP\CPP\7ZIP\BUNDLES\ALONE\DEBUG\7ZREGISTER.OBJ
C:\USERS\YY\DESKTOP\7ZIP\CPP\7ZIP\BUNDLES\ALONE\DEBUG\7ZSPECSTREAM.OBJ
C:\USERS\YY\DESKTOP\7ZIP\CPP\7ZIP\BUNDLES\ALONE\DEBUG\7ZSTREAM.OBJ
C:\USERS\YY\DESKTOP\7ZIP\CPP\7ZIP\BUNDLES\ALONE\DEBUG\7ZUPDATE.OBJ
C:\USERS\YY\DESKTOP\7ZIP\CPP\7ZIP\BUNDLES\ALONE\DEBUG\AES.OBJ
C:\USERS\YY\DESKTOP\7ZIP\CPP\7ZIP\BUNDLES\ALONE\DEBUG\AESOPT.OBJ
C:\USERS\YY\DESKTOP\7ZIP\CPP\7ZIP\BUNDLES\ALONE\DEBUG\ALLOC.OBJ
C:\USERS\YY\DESKTOP\7ZIP\CPP\7ZIP\BUNDLES\ALONE\DEBUG\ALONE.EXE.EMBED.MANIFEST
C:\USERS\YY\DESKTOP\7ZIP\CPP\7ZIP\BUNDLES\ALONE\DEBUG\ALONE.EXE.EMBED.MANIFEST.RES
C:\USERS\YY\DESKTOP\7ZIP\CPP\7ZIP\BUNDLES\ALONE\DEBUG\ALONE.EXE.INTERMEDIATE.MANIFEST
C:\USERS\YY\DESKTOP\7ZIP\CPP\7ZIP\BUNDLES\ALONE\DEBUG\ALONE.PCH
C:\USERS\YY\DESKTOP\7ZIP\CPP\7ZIP\BUNDLES\ALONE\DEBUG\ALONE.PDB
C:\Users\yy\Desktop\7Zip\CPP\7zip\Bundles\Alone\Debug\Alone_manifest.rc
C:\USERS\YY\DESKTOP\7ZIP\CPP\7ZIP\BUNDLES\ALONE\DEBUG\ARCHIVECOMMANDLINE.OBJ
C:\USERS\YY\DESKTOP\7ZIP\CPP\7ZIP\BUNDLES\ALONE\DEBUG\ARCHIVEEXTRACTCALLBACK.OBJ
C:\USERS\YY\DESKTOP\7ZIP\CPP\7ZIP\BUNDLES\ALONE\DEBUG\ARCHIVEOPENCALLBACK.OBJ
C:\USERS\YY\DESKTOP\7ZIP\CPP\7ZIP\BUNDLES\ALONE\DEBUG\BCJ2.OBJ
C:\USERS\YY\DESKTOP\7ZIP\CPP\7ZIP\BUNDLES\ALONE\DEBUG\BCJ2CODER.OBJ
C:\USERS\YY\DESKTOP\7ZIP\CPP\7ZIP\BUNDLES\ALONE\DEBUG\BCJ2REGISTER.OBJ
C:\USERS\YY\DESKTOP\7ZIP\CPP\7ZIP\BUNDLES\ALONE\DEBUG\BCJCODER.OBJ
C:\USERS\YY\DESKTOP\7ZIP\CPP\7ZIP\BUNDLES\ALONE\DEBUG\BCJREGISTER.OBJ
C:\USERS\YY\DESKTOP\7ZIP\CPP\7ZIP\BUNDLES\ALONE\DEBUG\BENCH.OBJ
C:\USERS\YY\DESKTOP\7ZIP\CPP\7ZIP\BUNDLES\ALONE\DEBUG\BENCHCON.OBJ
C:\USERS\YY\DESKTOP\7ZIP\CPP\7ZIP\BUNDLES\ALONE\DEBUG\BITLDECODER.OBJ
C:\USERS\YY\DESKTOP\7ZIP\CPP\7ZIP\BUNDLES\ALONE\DEBUG\BRA.OBJ
C:\USERS\YY\DESKTOP\7ZIP\CPP\7ZIP\BUNDLES\ALONE\DEBUG\BRA86.OBJ
C:\USERS\YY\DESKTOP\7ZIP\CPP\7ZIP\BUNDLES\ALONE\DEBUG\BRAIA64.OBJ
C:\USERS\YY\DESKTOP\7ZIP\CPP\7ZIP\BUNDLES\ALONE\DEBUG\BRANCHCODER.OBJ
C:\USERS\YY\DESKTOP\7ZIP\CPP\7ZIP\BUNDLES\ALONE\DEBUG\BRANCHMISC.OBJ
C:\USERS\YY\DESKTOP\7ZIP\CPP\7ZIP\BUNDLES\ALONE\DEBUG\BRANCHREGISTER.OBJ
C:\USERS\YY\DESKTOP\7ZIP\CPP\7ZIP\BUNDLES\ALONE\DEBUG\BWTSORT.OBJ
C:\USERS\YY\DESKTOP\7ZIP\CPP\7ZIP\BUNDLES\ALONE\DEBUG\BYTESWAP.OBJ
C:\USERS\YY\DESKTOP\7ZIP\CPP\7ZIP\BUNDLES\ALONE\DEBUG\BZ2HANDLER.OBJ
C:\USERS\YY\DESKTOP\7ZIP\CPP\7ZIP\BUNDLES\ALONE\DEBUG\BZIP2CRC.OBJ
C:\USERS\YY\DESKTOP\7ZIP\CPP\7ZIP\BUNDLES\ALONE\DEBUG\BZIP2DECODER.OBJ
C:\USERS\YY\DESKTOP\7ZIP\CPP\7ZIP\BUNDLES\ALONE\DEBUG\BZIP2ENCODER.OBJ
C:\USERS\YY\DESKTOP\7ZIP\CPP\7ZIP\BUNDLES\ALONE\DEBUG\BZIP2REGISTER.OBJ
C:\USERS\YY\DESKTOP\7ZIP\CPP\7ZIP\BUNDLES\ALONE\DEBUG\CABBLOCKINSTREAM.OBJ
C:\USERS\YY\DESKTOP\7ZIP\CPP\7ZIP\BUNDLES\ALONE\DEBUG\CABHANDLER.OBJ
C:\USERS\YY\DESKTOP\7ZIP\CPP\7ZIP\BUNDLES\ALONE\DEBUG\CABHEADER.OBJ
C:\USERS\YY\DESKTOP\7ZIP\CPP\7ZIP\BUNDLES\ALONE\DEBUG\CABIN.OBJ
C:\USERS\YY\DESKTOP\7ZIP\CPP\7ZIP\BUNDLES\ALONE\DEBUG\CABREGISTER.OBJ
C:\Users\yy\Desktop\7Zip\CPP\7zip\Bundles\Alone\Debug\cl.command.1.tlog
C:\Users\yy\Desktop\7Zip\CPP\7zip\Bundles\Alone\Debug\CL.read.1.tlog
C:\Users\yy\Desktop\7Zip\CPP\7zip\Bundles\Alone\Debug\CL.write.1.tlog
C:\USERS\YY\DESKTOP\7ZIP\CPP\7ZIP\BUNDLES\ALONE\DEBUG\CODERMIXER2.OBJ
C:\USERS\YY\DESKTOP\7ZIP\CPP\7ZIP\BUNDLES\ALONE\DEBUG\CODERMIXER2MT.OBJ
C:\USERS\YY\DESKTOP\7ZIP\CPP\7ZIP\BUNDLES\ALONE\DEBUG\COMMANDLINEPARSER.OBJ
C:\USERS\YY\DESKTOP\7ZIP\CPP\7ZIP\BUNDLES\ALONE\DEBUG\CONSOLECLOSE.OBJ
C:\USERS\YY\DESKTOP\7ZIP\CPP\7ZIP\BUNDLES\ALONE\DEBUG\COPYCODER.OBJ
C:\USERS\YY\DESKTOP\7ZIP\CPP\7ZIP\BUNDLES\ALONE\DEBUG\COPYREGISTER.OBJ
C:\USERS\YY\DESKTOP\7ZIP\CPP\7ZIP\BUNDLES\ALONE\DEBUG\CPUARCH.OBJ
C:\USERS\YY\DESKTOP\7ZIP\CPP\7ZIP\BUNDLES\ALONE\DEBUG\CRC.OBJ
C:\USERS\YY\DESKTOP\7ZIP\CPP\7ZIP\BUNDLES\ALONE\DEBUG\CREATECODER.OBJ
C:\USERS\YY\DESKTOP\7ZIP\CPP\7ZIP\BUNDLES\ALONE\DEBUG\CROSSTHREADPROGRESS.OBJ
C:\USERS\YY\DESKTOP\7ZIP\CPP\7ZIP\BUNDLES\ALONE\DEBUG\CWRAPPERS.OBJ
C:\USERS\YY\DESKTOP\7ZIP\CPP\7ZIP\BUNDLES\ALONE\DEBUG\DEFAULTNAME.OBJ
C:\USERS\YY\DESKTOP\7ZIP\CPP\7ZIP\BUNDLES\ALONE\DEBUG\DEFLATE64REGISTER.OBJ
C:\USERS\YY\DESKTOP\7ZIP\CPP\7ZIP\BUNDLES\ALONE\DEBUG\DEFLATEDECODER.OBJ
C:\USERS\YY\DESKTOP\7ZIP\CPP\7ZIP\BUNDLES\ALONE\DEBUG\DEFLATEENCODER.OBJ
C:\USERS\YY\DESKTOP\7ZIP\CPP\7ZIP\BUNDLES\ALONE\DEBUG\DEFLATEPROPS.OBJ
C:\USERS\YY\DESKTOP\7ZIP\CPP\7ZIP\BUNDLES\ALONE\DEBUG\DEFLATEREGISTER.OBJ
C:\USERS\YY\DESKTOP\7ZIP\CPP\7ZIP\BUNDLES\ALONE\DEBUG\DELTA.OBJ
C:\USERS\YY\DESKTOP\7ZIP\CPP\7ZIP\BUNDLES\ALONE\DEBUG\DELTAFILTER.OBJ
C:\USERS\YY\DESKTOP\7ZIP\CPP\7ZIP\BUNDLES\ALONE\DEBUG\DLL.OBJ
C:\USERS\YY\DESKTOP\7ZIP\CPP\7ZIP\BUNDLES\ALONE\DEBUG\DUMMYOUTSTREAM.OBJ
C:\USERS\YY\DESKTOP\7ZIP\CPP\7ZIP\BUNDLES\ALONE\DEBUG\ENUMDIRITEMS.OBJ
C:\USERS\YY\DESKTOP\7ZIP\CPP\7ZIP\BUNDLES\ALONE\DEBUG\ERROR.OBJ
C:\USERS\YY\DESKTOP\7ZIP\CPP\7ZIP\BUNDLES\ALONE\DEBUG\EXTRACT.OBJ
C:\USERS\YY\DESKTOP\7ZIP\CPP\7ZIP\BUNDLES\ALONE\DEBUG\EXTRACTCALLBACKCONSOLE.OBJ
C:\USERS\YY\DESKTOP\7ZIP\CPP\7ZIP\BUNDLES\ALONE\DEBUG\EXTRACTINGFILEPATH.OBJ
C:\USERS\YY\DESKTOP\7ZIP\CPP\7ZIP\BUNDLES\ALONE\DEBUG\FILEDIR.OBJ
C:\USERS\YY\DESKTOP\7ZIP\CPP\7ZIP\BUNDLES\ALONE\DEBUG\FILEFIND.OBJ
C:\USERS\YY\DESKTOP\7ZIP\CPP\7ZIP\BUNDLES\ALONE\DEBUG\FILEIO.OBJ
C:\USERS\YY\DESKTOP\7ZIP\CPP\7ZIP\BUNDLES\ALONE\DEBUG\FILENAME.OBJ
C:\USERS\YY\DESKTOP\7ZIP\CPP\7ZIP\BUNDLES\ALONE\DEBUG\FILEPATHAUTORENAME.OBJ
C:\USERS\YY\DESKTOP\7ZIP\CPP\7ZIP\BUNDLES\ALONE\DEBUG\FILESTREAMS.OBJ
C:\USERS\YY\DESKTOP\7ZIP\CPP\7ZIP\BUNDLES\ALONE\DEBUG\FILTERCODER.OBJ
C:\USERS\YY\DESKTOP\7ZIP\CPP\7ZIP\BUNDLES\ALONE\DEBUG\FINDSIGNATURE.OBJ
C:\USERS\YY\DESKTOP\7ZIP\CPP\7ZIP\BUNDLES\ALONE\DEBUG\GZHANDLER.OBJ
C:\USERS\YY\DESKTOP\7ZIP\CPP\7ZIP\BUNDLES\ALONE\DEBUG\HANDLEROUT.OBJ
C:\USERS\YY\DESKTOP\7ZIP\CPP\7ZIP\BUNDLES\ALONE\DEBUG\HMACSHA1.OBJ
C:\USERS\YY\DESKTOP\7ZIP\CPP\7ZIP\BUNDLES\ALONE\DEBUG\HUFFENC.OBJ
C:\USERS\YY\DESKTOP\7ZIP\CPP\7ZIP\BUNDLES\ALONE\DEBUG\IMPLODEDECODER.OBJ
C:\USERS\YY\DESKTOP\7ZIP\CPP\7ZIP\BUNDLES\ALONE\DEBUG\IMPLODEHUFFMANDECODER.OBJ
C:\USERS\YY\DESKTOP\7ZIP\CPP\7ZIP\BUNDLES\ALONE\DEBUG\INBUFFER.OBJ
C:\USERS\YY\DESKTOP\7ZIP\CPP\7ZIP\BUNDLES\ALONE\DEBUG\INOUTTEMPBUFFER.OBJ
C:\USERS\YY\DESKTOP\7ZIP\CPP\7ZIP\BUNDLES\ALONE\DEBUG\INSTREAMWITHCRC.OBJ
C:\USERS\YY\DESKTOP\7ZIP\CPP\7ZIP\BUNDLES\ALONE\DEBUG\INTTOSTRING.OBJ
C:\USERS\YY\DESKTOP\7ZIP\CPP\7ZIP\BUNDLES\ALONE\DEBUG\ITEMNAMEUTILS.OBJ
C:\USERS\YY\DESKTOP\7ZIP\CPP\7ZIP\BUNDLES\ALONE\DEBUG\LIMITEDSTREAMS.OBJ
C:\Users\yy\Desktop\7Zip\CPP\7zip\Bundles\Alone\Debug\link.30524.read.1.tlog
C:\Users\yy\Desktop\7Zip\CPP\7zip\Bundles\Alone\Debug\link.30524.write.1.tlog
C:\Users\yy\Desktop\7Zip\CPP\7zip\Bundles\Alone\Debug\link.30524-cvtres.read.1.tlog
C:\Users\yy\Desktop\7Zip\CPP\7zip\Bundles\Alone\Debug\link.30524-cvtres.write.1.tlog
C:\Users\yy\Desktop\7Zip\CPP\7zip\Bundles\Alone\Debug\link.30524-rc.read.1.tlog
C:\Users\yy\Desktop\7Zip\CPP\7zip\Bundles\Alone\Debug\link.30524-rc.write.1.tlog
C:\Users\yy\Desktop\7Zip\CPP\7zip\Bundles\Alone\Debug\link.7100.read.1.tlog
C:\Users\yy\Desktop\7Zip\CPP\7zip\Bundles\Alone\Debug\link.7100.write.1.tlog
C:\Users\yy\Desktop\7Zip\CPP\7zip\Bundles\Alone\Debug\link.7100-cvtres.read.1.tlog
C:\Users\yy\Desktop\7Zip\CPP\7zip\Bundles\Alone\Debug\link.7100-cvtres.write.1.tlog
C:\Users\yy\Desktop\7Zip\CPP\7zip\Bundles\Alone\Debug\link.7100-rc.read.1.tlog
C:\Users\yy\Desktop\7Zip\CPP\7zip\Bundles\Alone\Debug\link.7100-rc.write.1.tlog
C:\Users\yy\Desktop\7Zip\CPP\7zip\Bundles\Alone\Debug\link.7280.read.1.tlog
C:\Users\yy\Desktop\7Zip\CPP\7zip\Bundles\Alone\Debug\link.7280.write.1.tlog
C:\Users\yy\Desktop\7Zip\CPP\7zip\Bundles\Alone\Debug\link.7280-cvtres.read.1.tlog
C:\Users\yy\Desktop\7Zip\CPP\7zip\Bundles\Alone\Debug\link.7280-cvtres.write.1.tlog
C:\Users\yy\Desktop\7Zip\CPP\7zip\Bundles\Alone\Debug\link.command.1.tlog
C:\Users\yy\Desktop\7Zip\CPP\7zip\Bundles\Alone\Debug\link.read.1.tlog
C:\Users\yy\Desktop\7Zip\CPP\7zip\Bundles\Alone\Debug\link.write.1.tlog
C:\Users\yy\Desktop\7Zip\CPP\7zip\Bundles\Alone\Debug\link-cvtres.read.1.tlog
C:\Users\yy\Desktop\7Zip\CPP\7zip\Bundles\Alone\Debug\link-cvtres.write.1.tlog
C:\Users\yy\Desktop\7Zip\CPP\7zip\Bundles\Alone\Debug\link-rc.read.1.tlog
C:\Users\yy\Desktop\7Zip\CPP\7zip\Bundles\Alone\Debug\link-rc.write.1.tlog
C:\USERS\YY\DESKTOP\7ZIP\CPP\7ZIP\BUNDLES\ALONE\DEBUG\LIST.OBJ
C:\USERS\YY\DESKTOP\7ZIP\CPP\7ZIP\BUNDLES\ALONE\DEBUG\LISTFILEUTILS.OBJ
C:\USERS\YY\DESKTOP\7ZIP\CPP\7ZIP\BUNDLES\ALONE\DEBUG\LOADCODECS.OBJ
C:\USERS\YY\DESKTOP\7ZIP\CPP\7ZIP\BUNDLES\ALONE\DEBUG\LOCKEDSTREAM.OBJ
C:\USERS\YY\DESKTOP\7ZIP\CPP\7ZIP\BUNDLES\ALONE\DEBUG\LZFIND.OBJ
C:\USERS\YY\DESKTOP\7ZIP\CPP\7ZIP\BUNDLES\ALONE\DEBUG\LZFINDMT.OBJ
C:\USERS\YY\DESKTOP\7ZIP\CPP\7ZIP\BUNDLES\ALONE\DEBUG\LZMA2DEC.OBJ
C:\USERS\YY\DESKTOP\7ZIP\CPP\7ZIP\BUNDLES\ALONE\DEBUG\LZMA2DECODER.OBJ
C:\USERS\YY\DESKTOP\7ZIP\CPP\7ZIP\BUNDLES\ALONE\DEBUG\LZMA2ENC.OBJ
C:\USERS\YY\DESKTOP\7ZIP\CPP\7ZIP\BUNDLES\ALONE\DEBUG\LZMA2ENCODER.OBJ
C:\USERS\YY\DESKTOP\7ZIP\CPP\7ZIP\BUNDLES\ALONE\DEBUG\LZMA2REGISTER.OBJ
C:\USERS\YY\DESKTOP\7ZIP\CPP\7ZIP\BUNDLES\ALONE\DEBUG\LZMADEC.OBJ
C:\USERS\YY\DESKTOP\7ZIP\CPP\7ZIP\BUNDLES\ALONE\DEBUG\LZMADECODER.OBJ
C:\USERS\YY\DESKTOP\7ZIP\CPP\7ZIP\BUNDLES\ALONE\DEBUG\LZMAENC.OBJ
C:\USERS\YY\DESKTOP\7ZIP\CPP\7ZIP\BUNDLES\ALONE\DEBUG\LZMAENCODER.OBJ
C:\USERS\YY\DESKTOP\7ZIP\CPP\7ZIP\BUNDLES\ALONE\DEBUG\LZMAHANDLER.OBJ
C:\USERS\YY\DESKTOP\7ZIP\CPP\7ZIP\BUNDLES\ALONE\DEBUG\LZMAREGISTER.OBJ
C:\USERS\YY\DESKTOP\7ZIP\CPP\7ZIP\BUNDLES\ALONE\DEBUG\LZOUTWINDOW.OBJ
C:\USERS\YY\DESKTOP\7ZIP\CPP\7ZIP\BUNDLES\ALONE\DEBUG\LZX86CONVERTER.OBJ
C:\USERS\YY\DESKTOP\7ZIP\CPP\7ZIP\BUNDLES\ALONE\DEBUG\LZXDECODER.OBJ
C:\USERS\YY\DESKTOP\7ZIP\CPP\7ZIP\BUNDLES\ALONE\DEBUG\MAIN.OBJ
C:\USERS\YY\DESKTOP\7ZIP\CPP\7ZIP\BUNDLES\ALONE\DEBUG\MAINAR.OBJ
C:\USERS\YY\DESKTOP\7ZIP\CPP\7ZIP\BUNDLES\ALONE\DEBUG\MEMBLOCKS.OBJ
C:\USERS\YY\DESKTOP\7ZIP\CPP\7ZIP\BUNDLES\ALONE\DEBUG\MEMORYLOCK.OBJ
C:\USERS\YY\DESKTOP\7ZIP\CPP\7ZIP\BUNDLES\ALONE\DEBUG\METHODID.OBJ
C:\USERS\YY\DESKTOP\7ZIP\CPP\7ZIP\BUNDLES\ALONE\DEBUG\METHODPROPS.OBJ
C:\Users\yy\Desktop\7Zip\CPP\7zip\Bundles\Alone\Debug\mt.command.1.tlog
C:\Users\yy\Desktop\7Zip\CPP\7zip\Bundles\Alone\Debug\mt.read.1.tlog
C:\Users\yy\Desktop\7Zip\CPP\7zip\Bundles\Alone\Debug\mt.write.1.tlog
C:\USERS\YY\DESKTOP\7ZIP\CPP\7ZIP\BUNDLES\ALONE\DEBUG\MTCODER.OBJ
C:\USERS\YY\DESKTOP\7ZIP\CPP\7ZIP\BUNDLES\ALONE\DEBUG\MULTISTREAM.OBJ
C:\USERS\YY\DESKTOP\7ZIP\CPP\7ZIP\BUNDLES\ALONE\DEBUG\MYAES.OBJ
C:\USERS\YY\DESKTOP\7ZIP\CPP\7ZIP\BUNDLES\ALONE\DEBUG\MYSTRING.OBJ
C:\USERS\YY\DESKTOP\7ZIP\CPP\7ZIP\BUNDLES\ALONE\DEBUG\MYVECTOR.OBJ
C:\USERS\YY\DESKTOP\7ZIP\CPP\7ZIP\BUNDLES\ALONE\DEBUG\NEWHANDLER.OBJ
C:\USERS\YY\DESKTOP\7ZIP\CPP\7ZIP\BUNDLES\ALONE\DEBUG\OFFSETSTREAM.OBJ
C:\USERS\YY\DESKTOP\7ZIP\CPP\7ZIP\BUNDLES\ALONE\DEBUG\OPENARCHIVE.OBJ
C:\USERS\YY\DESKTOP\7ZIP\CPP\7ZIP\BUNDLES\ALONE\DEBUG\OPENCALLBACKCONSOLE.OBJ
C:\USERS\YY\DESKTOP\7ZIP\CPP\7ZIP\BUNDLES\ALONE\DEBUG\OUTBUFFER.OBJ
C:\USERS\YY\DESKTOP\7ZIP\CPP\7ZIP\BUNDLES\ALONE\DEBUG\OUTMEMSTREAM.OBJ
C:\USERS\YY\DESKTOP\7ZIP\CPP\7ZIP\BUNDLES\ALONE\DEBUG\OUTSTREAMWITHCRC.OBJ
C:\USERS\YY\DESKTOP\7ZIP\CPP\7ZIP\BUNDLES\ALONE\DEBUG\PARSEPROPERTIES.OBJ
C:\USERS\YY\DESKTOP\7ZIP\CPP\7ZIP\BUNDLES\ALONE\DEBUG\PBKDF2HMACSHA1.OBJ
C:\USERS\YY\DESKTOP\7ZIP\CPP\7ZIP\BUNDLES\ALONE\DEBUG\PERCENTPRINTER.OBJ
C:\USERS\YY\DESKTOP\7ZIP\CPP\7ZIP\BUNDLES\ALONE\DEBUG\PPMD7.OBJ
C:\USERS\YY\DESKTOP\7ZIP\CPP\7ZIP\BUNDLES\ALONE\DEBUG\PPMD7DEC.OBJ
C:\USERS\YY\DESKTOP\7ZIP\CPP\7ZIP\BUNDLES\ALONE\DEBUG\PPMD7ENC.OBJ
C:\USERS\YY\DESKTOP\7ZIP\CPP\7ZIP\BUNDLES\ALONE\DEBUG\PPMD8.OBJ
C:\USERS\YY\DESKTOP\7ZIP\CPP\7ZIP\BUNDLES\ALONE\DEBUG\PPMD8DEC.OBJ
C:\USERS\YY\DESKTOP\7ZIP\CPP\7ZIP\BUNDLES\ALONE\DEBUG\PPMD8ENC.OBJ
C:\USERS\YY\DESKTOP\7ZIP\CPP\7ZIP\BUNDLES\ALONE\DEBUG\PPMDDECODER.OBJ
C:\USERS\YY\DESKTOP\7ZIP\CPP\7ZIP\BUNDLES\ALONE\DEBUG\PPMDENCODER.OBJ
C:\USERS\YY\DESKTOP\7ZIP\CPP\7ZIP\BUNDLES\ALONE\DEBUG\PPMDREGISTER.OBJ
C:\USERS\YY\DESKTOP\7ZIP\CPP\7ZIP\BUNDLES\ALONE\DEBUG\PPMDZIP.OBJ
C:\USERS\YY\DESKTOP\7ZIP\CPP\7ZIP\BUNDLES\ALONE\DEBUG\PROGRESSMT.OBJ
C:\USERS\YY\DESKTOP\7ZIP\CPP\7ZIP\BUNDLES\ALONE\DEBUG\PROGRESSUTILS.OBJ
C:\USERS\YY\DESKTOP\7ZIP\CPP\7ZIP\BUNDLES\ALONE\DEBUG\PROPIDUTILS.OBJ
C:\USERS\YY\DESKTOP\7ZIP\CPP\7ZIP\BUNDLES\ALONE\DEBUG\PROPVARIANT.OBJ
C:\USERS\YY\DESKTOP\7ZIP\CPP\7ZIP\BUNDLES\ALONE\DEBUG\PROPVARIANTCONVERSIONS.OBJ
C:\USERS\YY\DESKTOP\7ZIP\CPP\7ZIP\BUNDLES\ALONE\DEBUG\QUANTUMDECODER.OBJ
C:\USERS\YY\DESKTOP\7ZIP\CPP\7ZIP\BUNDLES\ALONE\DEBUG\RANDGEN.OBJ
C:\Users\yy\Desktop\7Zip\CPP\7zip\Bundles\Alone\Debug\rc.command.1.tlog
C:\Users\yy\Desktop\7Zip\CPP\7zip\Bundles\Alone\Debug\rc.read.1.tlog
C:\Users\yy\Desktop\7Zip\CPP\7zip\Bundles\Alone\Debug\rc.write.1.tlog
C:\USERS\YY\DESKTOP\7ZIP\CPP\7ZIP\BUNDLES\ALONE\DEBUG\RESOURCE.RES
C:\USERS\YY\DESKTOP\7ZIP\CPP\7ZIP\BUNDLES\ALONE\DEBUG\SETPROPERTIES.OBJ
C:\USERS\YY\DESKTOP\7ZIP\CPP\7ZIP\BUNDLES\ALONE\DEBUG\SHA1.OBJ
C:\USERS\YY\DESKTOP\7ZIP\CPP\7ZIP\BUNDLES\ALONE\DEBUG\SHA256.OBJ
C:\USERS\YY\DESKTOP\7ZIP\CPP\7ZIP\BUNDLES\ALONE\DEBUG\SHRINKDECODER.OBJ
C:\USERS\YY\DESKTOP\7ZIP\CPP\7ZIP\BUNDLES\ALONE\DEBUG\SORT.OBJ
C:\USERS\YY\DESKTOP\7ZIP\CPP\7ZIP\BUNDLES\ALONE\DEBUG\SORTUTILS.OBJ
C:\USERS\YY\DESKTOP\7ZIP\CPP\7ZIP\BUNDLES\ALONE\DEBUG\SPLITHANDLER.OBJ
C:\USERS\YY\DESKTOP\7ZIP\CPP\7ZIP\BUNDLES\ALONE\DEBUG\STDAFX.OBJ
C:\USERS\YY\DESKTOP\7ZIP\CPP\7ZIP\BUNDLES\ALONE\DEBUG\STDINSTREAM.OBJ
C:\USERS\YY\DESKTOP\7ZIP\CPP\7ZIP\BUNDLES\ALONE\DEBUG\STDOUTSTREAM.OBJ
C:\USERS\YY\DESKTOP\7ZIP\CPP\7ZIP\BUNDLES\ALONE\DEBUG\STREAMBINDER.OBJ
C:\USERS\YY\DESKTOP\7ZIP\CPP\7ZIP\BUNDLES\ALONE\DEBUG\STREAMOBJECTS.OBJ
C:\USERS\YY\DESKTOP\7ZIP\CPP\7ZIP\BUNDLES\ALONE\DEBUG\STREAMUTILS.OBJ
C:\USERS\YY\DESKTOP\7ZIP\CPP\7ZIP\BUNDLES\ALONE\DEBUG\STRINGCONVERT.OBJ
C:\USERS\YY\DESKTOP\7ZIP\CPP\7ZIP\BUNDLES\ALONE\DEBUG\STRINGTOINT.OBJ
C:\USERS\YY\DESKTOP\7ZIP\CPP\7ZIP\BUNDLES\ALONE\DEBUG\SYNCHRONIZATION.OBJ
C:\USERS\YY\DESKTOP\7ZIP\CPP\7ZIP\BUNDLES\ALONE\DEBUG\SYSTEM.OBJ
C:\USERS\YY\DESKTOP\7ZIP\CPP\7ZIP\BUNDLES\ALONE\DEBUG\TARHANDLER.OBJ
C:\USERS\YY\DESKTOP\7ZIP\CPP\7ZIP\BUNDLES\ALONE\DEBUG\TARHANDLEROUT.OBJ
C:\USERS\YY\DESKTOP\7ZIP\CPP\7ZIP\BUNDLES\ALONE\DEBUG\TARHEADER.OBJ
C:\USERS\YY\DESKTOP\7ZIP\CPP\7ZIP\BUNDLES\ALONE\DEBUG\TARIN.OBJ
C:\USERS\YY\DESKTOP\7ZIP\CPP\7ZIP\BUNDLES\ALONE\DEBUG\TAROUT.OBJ
C:\USERS\YY\DESKTOP\7ZIP\CPP\7ZIP\BUNDLES\ALONE\DEBUG\TARREGISTER.OBJ
C:\USERS\YY\DESKTOP\7ZIP\CPP\7ZIP\BUNDLES\ALONE\DEBUG\TARUPDATE.OBJ
C:\USERS\YY\DESKTOP\7ZIP\CPP\7ZIP\BUNDLES\ALONE\DEBUG\TEMPFILES.OBJ
C:\USERS\YY\DESKTOP\7ZIP\CPP\7ZIP\BUNDLES\ALONE\DEBUG\THREADS.OBJ
C:\USERS\YY\DESKTOP\7ZIP\CPP\7ZIP\BUNDLES\ALONE\DEBUG\TIME.OBJ
C:\USERS\YY\DESKTOP\7ZIP\CPP\7ZIP\BUNDLES\ALONE\DEBUG\UPDATE.OBJ
C:\USERS\YY\DESKTOP\7ZIP\CPP\7ZIP\BUNDLES\ALONE\DEBUG\UPDATEACTION.OBJ
C:\USERS\YY\DESKTOP\7ZIP\CPP\7ZIP\BUNDLES\ALONE\DEBUG\UPDATECALLBACK.OBJ
C:\USERS\YY\DESKTOP\7ZIP\CPP\7ZIP\BUNDLES\ALONE\DEBUG\UPDATECALLBACKCONSOLE.OBJ
C:\USERS\YY\DESKTOP\7ZIP\CPP\7ZIP\BUNDLES\ALONE\DEBUG\UPDATEPAIR.OBJ
C:\USERS\YY\DESKTOP\7ZIP\CPP\7ZIP\BUNDLES\ALONE\DEBUG\UPDATEPRODUCE.OBJ
C:\USERS\YY\DESKTOP\7ZIP\CPP\7ZIP\BUNDLES\ALONE\DEBUG\USERINPUTUTILS.OBJ
C:\USERS\YY\DESKTOP\7ZIP\CPP\7ZIP\BUNDLES\ALONE\DEBUG\UTFCONVERT.OBJ
C:\Users\yy\Desktop\7Zip\CPP\7zip\Bundles\Alone\Debug\vc100.idb
C:\USERS\YY\DESKTOP\7ZIP\CPP\7ZIP\BUNDLES\ALONE\DEBUG\VC100.PDB
C:\Users\yy\Desktop\7Zip\CPP\7zip\Bundles\Alone\Debug\vc110.idb
C:\Users\yy\Desktop\7Zip\CPP\7zip\Bundles\Alone\Debug\vc110.pdb
C:\USERS\YY\DESKTOP\7ZIP\CPP\7ZIP\BUNDLES\ALONE\DEBUG\VIRTTHREAD.OBJ
C:\USERS\YY\DESKTOP\7ZIP\CPP\7ZIP\BUNDLES\ALONE\DEBUG\WILDCARD.OBJ
C:\USERS\YY\DESKTOP\7ZIP\CPP\7ZIP\BUNDLES\ALONE\DEBUG\WZAES.OBJ
C:\USERS\YY\DESKTOP\7ZIP\CPP\7ZIP\BUNDLES\ALONE\DEBUG\XZ.OBJ
C:\USERS\YY\DESKTOP\7ZIP\CPP\7ZIP\BUNDLES\ALONE\DEBUG\XZCRC64.OBJ
C:\USERS\YY\DESKTOP\7ZIP\CPP\7ZIP\BUNDLES\ALONE\DEBUG\XZDEC.OBJ
C:\USERS\YY\DESKTOP\7ZIP\CPP\7ZIP\BUNDLES\ALONE\DEBUG\XZENC.OBJ
C:\USERS\YY\DESKTOP\7ZIP\CPP\7ZIP\BUNDLES\ALONE\DEBUG\XZHANDLER.OBJ
C:\USERS\YY\DESKTOP\7ZIP\CPP\7ZIP\BUNDLES\ALONE\DEBUG\XZIN.OBJ
C:\USERS\YY\DESKTOP\7ZIP\CPP\7ZIP\BUNDLES\ALONE\DEBUG\ZDECODER.OBJ
C:\USERS\YY\DESKTOP\7ZIP\CPP\7ZIP\BUNDLES\ALONE\DEBUG\ZHANDLER.OBJ
C:\USERS\YY\DESKTOP\7ZIP\CPP\7ZIP\BUNDLES\ALONE\DEBUG\ZIPADDCOMMON.OBJ
C:\USERS\YY\DESKTOP\7ZIP\CPP\7ZIP\BUNDLES\ALONE\DEBUG\ZIPCRYPTO.OBJ
C:\USERS\YY\DESKTOP\7ZIP\CPP\7ZIP\BUNDLES\ALONE\DEBUG\ZIPHANDLER.OBJ
C:\USERS\YY\DESKTOP\7ZIP\CPP\7ZIP\BUNDLES\ALONE\DEBUG\ZIPHANDLEROUT.OBJ
C:\USERS\YY\DESKTOP\7ZIP\CPP\7ZIP\BUNDLES\ALONE\DEBUG\ZIPHEADER.OBJ
C:\USERS\YY\DESKTOP\7ZIP\CPP\7ZIP\BUNDLES\ALONE\DEBUG\ZIPIN.OBJ
C:\USERS\YY\DESKTOP\7ZIP\CPP\7ZIP\BUNDLES\ALONE\DEBUG\ZIPITEM.OBJ
C:\USERS\YY\DESKTOP\7ZIP\CPP\7ZIP\BUNDLES\ALONE\DEBUG\ZIPOUT.OBJ
C:\USERS\YY\DESKTOP\7ZIP\CPP\7ZIP\BUNDLES\ALONE\DEBUG\ZIPREGISTER.OBJ
C:\USERS\YY\DESKTOP\7ZIP\CPP\7ZIP\BUNDLES\ALONE\DEBUG\ZIPSTRONG.OBJ
C:\USERS\YY\DESKTOP\7ZIP\CPP\7ZIP\BUNDLES\ALONE\DEBUG\ZIPUPDATE.OBJ
C:\UTIL\7ZA.EXE
C:\UTIL\7ZA.ILK
