Build started 2015/1/16 14:30:43.
     1>Project "F:\毕业设计\师兄给的7z\7Zip\CPP\7zip\Bundles\Alone\Alone.vcxproj" on node 2 (build target(s)).
     1>InitializeBuildStatus:
         Creating ".\Debug\Alone.unsuccessfulbuild" because "AlwaysCreate" was specified.
       ClCompile:
         All outputs are up-to-date.
         All outputs are up-to-date.
         All outputs are up-to-date.
       ResourceCompile:
         All outputs are up-to-date.
       ManifestResourceCompile:
         All outputs are up-to-date.
     1>C:\Program Files (x86)\MSBuild\Microsoft.Cpp\v4.0\Microsoft.CppBuild.targets(990,5): warning MSB8012: TargetPath(F:\毕业设计\师兄给的7z\7Zip\CPP\7zip\Bundles\Alone\.\Debug\Alone.exe) does not match the Linker's OutputFile property value (c:\UTIL\7za.exe). This may cause your project to build incorrectly. To correct this, please make sure that $(OutDir), $(TargetName) and $(TargetExt) property values match the value specified in %(Link.OutputFile).
     1>C:\Program Files (x86)\MSBuild\Microsoft.Cpp\v4.0\Microsoft.CppBuild.targets(992,5): warning MSB8012: TargetName(Alone) does not match the Linker's OutputFile property value (7za). This may cause your project to build incorrectly. To correct this, please make sure that $(OutDir), $(TargetName) and $(TargetExt) property values match the value specified in %(Link.OutputFile).
       Link:
         All outputs are up-to-date.
       Manifest:
         All outputs are up-to-date.
       FinalizeBuildStatus:
         Deleting file ".\Debug\Alone.unsuccessfulbuild".
         Touching ".\Debug\Alone.lastbuildstate".
     1>Done Building Project "F:\毕业设计\师兄给的7z\7Zip\CPP\7zip\Bundles\Alone\Alone.vcxproj" (build target(s)).

Build succeeded.

Time Elapsed 00:00:00.64
